#
# A fatal error has been detected by the Java Runtime Environment:
#
#  SIGSEGV (0xb) at pc=0x00007fff8b1314dd, pid=24622, tid=515
#
# JRE version: Java(TM) SE Runtime Environment (8.0_65-b17) (build 1.8.0_65-b17)
# Java VM: Java HotSpot(TM) 64-Bit Server VM (25.65-b01 mixed mode bsd-amd64 compressed oops)
# Problematic frame:
# C  [libobjc.A.dylib+0x14dd]  objc_msgSend+0x1d
#
# Failed to write core dump. Core dumps have been disabled. To enable core dumping, try "ulimit -c unlimited" before starting Java again
#
# If you would like to submit a bug report, please visit:
#   http://bugreport.java.com/bugreport/crash.jsp
# The crash happened outside the Java Virtual Machine in native code.
# See problematic frame for where to report the bug.
#

---------------  T H R E A D  ---------------

Current thread (0x00007fbf128f9000):  JavaThread "AWT-AppKit" daemon [_thread_in_native, id=515, stack(0x00007fff5a0b5000,0x00007fff5a8b5000)]

siginfo: si_signo: 11 (SIGSEGV), si_code: 1 (SEGV_MAPERR), si_addr: 0x0000000000000018

Registers:
RAX=0x00007fff8b131604, RBX=0x0000000190a1ee50, RCX=0x00007fbf131385a0, RDX=0x000000012c99f560
RSP=0x00007fff5a8b1468, RBP=0x00007fff5a8b1520, RSI=0x00007fff99604cde, RDI=0x00007fbf131385a0
R8 =0x0000000000000000, R9 =0x00000000000008b0, R10=0x00007fff99604cde, R11=0x0000000000000000
R12=0x0000000000000000, R13=0x0000000190a1ee50, R14=0x00007fff5a8b15d0, R15=0x00007fbf128f9000
RIP=0x00007fff8b1314dd, EFLAGS=0x0000000000010246, ERR=0x0000000000000004
  TRAPNO=0x000000000000000e

Top of Stack: (sp=0x00007fff5a8b1468)
0x00007fff5a8b1468:   000000012c998770 00007fff5a8b14c0
0x00007fff5a8b1478:   0000000000000003 00007fff5a8b14a0
0x00007fff5a8b1488:   0000000105ba69a6 000000012c99f500
0x00007fff5a8b1498:   00007fbf114a5220 00007fbf131385a0
0x00007fff5a8b14a8:   00007fbf17f76d30 00007fff7ee19130
0x00007fff5a8b14b8:   00007fbf17f76d30 00007fff7f20cd30
0x00007fff5a8b14c8:   00007fff7f20cd30 00007fbf131385a0
0x00007fff5a8b14d8:   0000000190a1ee50 00007fbf128f9000
0x00007fff5a8b14e8:   0000000190a1ee50 0000000190a1ee50
0x00007fff5a8b14f8:   0000000190a1ee50 00007fbf114a5220
0x00007fff5a8b1508:   00007fbf131385a0 00007fff5a8b15a8
0x00007fff5a8b1518:   00007fbf128f91f8 00007fff5a8b1598
0x00007fff5a8b1528:   000000010ae15954 0000000190a1ee50
0x00007fff5a8b1538:   00007fff5a8b15d0 00007fff5a8b1598
0x00007fff5a8b1548:   000000010ae156e7 000000010ae156a2
0x00007fff5a8b1558:   00007fff5a8b1558 0000000190a1ee50
0x00007fff5a8b1568:   00007fff5a8b15d0 0000000190a2e028
0x00007fff5a8b1578:   0000000000000000 0000000190a1ee50
0x00007fff5a8b1588:   0000000000000000 00007fff5a8b15b8
0x00007fff5a8b1598:   00007fff5a8b1618 000000010ae07c4d
0x00007fff5a8b15a8:   00000006c0a31778 000000010ae0f578
0x00007fff5a8b15b8:   00007fbf114a5220 00007fff5a8b1618
0x00007fff5a8b15c8:   00007fbf131385a0 000000010ae10d82
0x00007fff5a8b15d8:   00007fff5a8b15d8 0000000190a1f01a
0x00007fff5a8b15e8:   00007fff5a8b1640 0000000190a2e028
0x00007fff5a8b15f8:   0000000000000000 0000000190a1f048
0x00007fff5a8b1608:   00007fff5a8b15b8 00007fff5a8b1628
0x00007fff5a8b1618:   00007fff5a8b1688 000000010ae07c4d
0x00007fff5a8b1628:   00007fbf114a5220 00000006c0a54a28
0x00007fff5a8b1638:   00007fbf131385a0 00000006c0a54a28
0x00007fff5a8b1648:   00007fff5a8b1648 0000000190b2c30e
0x00007fff5a8b1658:   00007fff5a8b1698 0000000190b2c3c0 

Instructions: (pc=0x00007fff8b1314dd)
0x00007fff8b1314bd:   44 00 00 48 85 ff 2e 74 62 40 f6 c7 01 2e 75 66
0x00007fff8b1314cd:   49 bb f8 ff ff ff ff 7f 00 00 4c 23 1f 49 89 f2
0x00007fff8b1314dd:   45 23 53 18 49 c1 e2 04 4d 03 53 10 49 3b 32 75
0x00007fff8b1314ed:   04 41 ff 62 08 49 83 3a 01 76 0d 49 83 c2 10 49 

Register to memory mapping:

RAX=0x00007fff8b131604: objc_msgSend_fixedup+0 in /usr/lib/libobjc.A.dylib at 0x00007fff8b130000
RBX={method} {0x0000000190a1ee50} 'UnsetJAWTRootSurfaceLayer0' '(JJ)V' in 'jogamp/nativewindow/jawt/macosx/MacOSXJAWTWindow'
RCX=0x00007fbf131385a0 is an unknown value
RDX=0x000000012c99f560: OBJC_IVAR_$_MainRunnable.runnableObj+0x450 in /private/var/folders/2c/1xd7j_293lq540jy20jzl8n00000gn/T/jogamp_0000/file_cache/jln7569264742437355215/jln8653498277431293072/libnativewindow_macosx.jnilib at 0x000000012c994000
RSP=0x00007fff5a8b1468 is pointing into the stack for thread: 0x00007fbf128f9000
RBP=0x00007fff5a8b1520 is pointing into the stack for thread: 0x00007fbf128f9000
RSI=0x00007fff99604cde is an unknown value
RDI=0x00007fbf131385a0 is an unknown value
R8 =0x0000000000000000 is an unknown value
R9 =0x00000000000008b0 is an unknown value
R10=0x00007fff99604cde is an unknown value
R11=0x0000000000000000 is an unknown value
R12=0x0000000000000000 is an unknown value
R13={method} {0x0000000190a1ee50} 'UnsetJAWTRootSurfaceLayer0' '(JJ)V' in 'jogamp/nativewindow/jawt/macosx/MacOSXJAWTWindow'
R14=0x00007fff5a8b15d0 is pointing into the stack for thread: 0x00007fbf128f9000
R15=0x00007fbf128f9000 is a thread


Stack: [0x00007fff5a0b5000,0x00007fff5a8b5000],  sp=0x00007fff5a8b1468,  free space=8177k
Native frames: (J=compiled Java code, j=interpreted, Vv=VM code, C=native code)
C  [libobjc.A.dylib+0x14dd]  objc_msgSend+0x1d
j  jogamp.nativewindow.jawt.macosx.MacOSXJAWTWindow.UnsetJAWTRootSurfaceLayer0(JJ)V+0
j  jogamp.nativewindow.jawt.macosx.MacOSXJAWTWindow.access$200(JJ)V+2
j  jogamp.nativewindow.jawt.macosx.MacOSXJAWTWindow$1.run()V+38
J 2528 C1 com.jogamp.common.util.RunnableTask.run()V (345 bytes) @ 0x000000010b88ddf4 [0x000000010b88dc60+0x194]
v  ~StubRoutines::call_stub
V  [libjvm.dylib+0x2eab02]  JavaCalls::call_helper(JavaValue*, methodHandle*, JavaCallArguments*, Thread*)+0x6ae
V  [libjvm.dylib+0x321bab]  jni_invoke_nonstatic(JNIEnv_*, JavaValue*, _jobject*, JNICallType, _jmethodID*, JNI_ArgumentPusher*, Thread*)+0x2ec
V  [libjvm.dylib+0x31437f]  jni_CallVoidMethod+0x16b
C  [libnativewindow_macosx.jnilib+0x49fd]  Java_jogamp_nativewindow_jawt_macosx_MacOSXJAWTWindow_UnsetJAWTRootSurfaceLayer0+0x38d
C  [Foundation+0x76fde]  __NSThreadPerformPerform+0x117
C  [CoreFoundation+0xaa881]  __CFRUNLOOP_IS_CALLING_OUT_TO_A_SOURCE0_PERFORM_FUNCTION__+0x11
C  [CoreFoundation+0x89f37]  __CFRunLoopDoSources0+0x1a7
C  [CoreFoundation+0x894df]  __CFRunLoopRun+0x39f
C  [CoreFoundation+0x88ed8]  CFRunLoopRunSpecific+0x128
C  [HIToolbox+0x30935]  RunCurrentEventLoopInMode+0xeb
C  [HIToolbox+0x30677]  ReceiveNextEventCommon+0xb8
C  [HIToolbox+0x305af]  _BlockUntilNextEventMatchingListInModeWithFilter+0x47
C  [AppKit+0x48df6]  _DPSNextEvent+0x42b
C  [AppKit+0x48226]  -[NSApplication _nextEventMatchingEventMask:untilDate:inMode:dequeue:]+0x1c6
C  [libosxapp.dylib+0x23aa]  -[NSApplicationAWT nextEventMatchingMask:untilDate:inMode:dequeue:]+0x7c
C  [AppKit+0x3cd80]  -[NSApplication run]+0x2aa
C  [libosxapp.dylib+0x214d]  +[NSApplicationAWT runAWTLoopWithApp:]+0x9c
C  [libawt_lwawt.dylib+0x44517]  -[AWTStarter starter:]+0x389
C  [Foundation+0x76fde]  __NSThreadPerformPerform+0x117
C  [CoreFoundation+0xaa881]  __CFRUNLOOP_IS_CALLING_OUT_TO_A_SOURCE0_PERFORM_FUNCTION__+0x11
C  [CoreFoundation+0x89fbc]  __CFRunLoopDoSources0+0x22c
C  [CoreFoundation+0x894df]  __CFRunLoopRun+0x39f
C  [CoreFoundation+0x88ed8]  CFRunLoopRunSpecific+0x128
C  [CoreFoundation+0xca9b1]  CFRunLoopRun+0x61
C  [exe_projectRobotran+0x25a49]  init_jni+0x1b9
C  [exe_projectRobotran+0x1e34d]  init_realtime_java+0x81d
C  [exe_projectRobotran+0x1d559]  init_simu_realtime+0x69
C  [exe_projectRobotran+0x1c99d]  mbs_realtime_init+0x21d
C  [exe_projectRobotran+0xedf9]  mbs_dirdyn_init+0x1e9
C  [exe_projectRobotran+0xebf2]  mbs_run_dirdyn+0x12
C  [exe_projectRobotran+0x3f25]  main+0x2b5
C  [libdyld.dylib+0x35ad]  start+0x1
C  0x0000000000000001

Java frames: (J=compiled Java code, j=interpreted, Vv=VM code)
j  jogamp.nativewindow.jawt.macosx.MacOSXJAWTWindow.UnsetJAWTRootSurfaceLayer0(JJ)V+0
j  jogamp.nativewindow.jawt.macosx.MacOSXJAWTWindow.access$200(JJ)V+2
j  jogamp.nativewindow.jawt.macosx.MacOSXJAWTWindow$1.run()V+38
J 2528 C1 com.jogamp.common.util.RunnableTask.run()V (345 bytes) @ 0x000000010b88ddf4 [0x000000010b88dc60+0x194]
v  ~StubRoutines::call_stub

---------------  P R O C E S S  ---------------

Java Threads: ( => current thread )
  0x00007fbf15844800 JavaThread "J3D-InputDeviceScheduler-1" [_thread_blocked, id=67331, stack(0x0000700002b4f000,0x0000700002c4f000)]
  0x00007fbf1292a000 JavaThread "J3D-SoundSchedulerUpdateThread-1" [_thread_blocked, id=66307, stack(0x0000700002a4c000,0x0000700002b4c000)]
  0x00007fbf15843800 JavaThread "J3D-RenderStructureUpdateThread-1" [_thread_blocked, id=65795, stack(0x0000700002949000,0x0000700002a49000)]
  0x00007fbf12ff0000 JavaThread "J3D-BehaviorScheduler-1" [_thread_blocked, id=65283, stack(0x0000700002846000,0x0000700002946000)]
  0x00007fbf1403e000 JavaThread "J3D-TransformStructureUpdateThread-1" [_thread_blocked, id=64771, stack(0x0000700002743000,0x0000700002843000)]
  0x00007fbf13805000 JavaThread "J3D-RenderingEnvironmentStructureUpdateThread-1" [_thread_blocked, id=64259, stack(0x0000700002640000,0x0000700002740000)]
  0x00007fbf125c3000 JavaThread "J3D-SoundStructureUpdateThread-1" [_thread_blocked, id=63747, stack(0x000070000253d000,0x000070000263d000)]
  0x00007fbf11ed1800 JavaThread "J3D-GeometryStructureUpdateThread-1" [_thread_blocked, id=811, stack(0x000070000243a000,0x000070000253a000)]
  0x00007fbf14c57800 JavaThread "J3D-BehaviorStructureUpdateThread-1" [_thread_blocked, id=61755, stack(0x0000700002337000,0x0000700002437000)]
  0x00007fbf12a9e800 JavaThread "Timer-0" daemon [_thread_blocked, id=59651, stack(0x0000700002131000,0x0000700002231000)]
  0x00007fbf11b4b800 JavaThread "J3D-Renderer-1" [_thread_blocked, id=59139, stack(0x000070000202e000,0x000070000212e000)]
  0x00007fbf12a9c000 JavaThread "J3D-MasterControl-1" [_thread_blocked, id=58627, stack(0x0000700001f2b000,0x000070000202b000)]
  0x00007fbf12a9b000 JavaThread "J3D-NotificationThread" [_thread_blocked, id=58115, stack(0x0000700001e28000,0x0000700001f28000)]
  0x00007fbf12a9f800 JavaThread "J3D-TimerThread" [_thread_blocked, id=57607, stack(0x0000700001d25000,0x0000700001e25000)]
  0x00007fbf129c9800 JavaThread "J3D-RenderingAttributesStructureUpdateThread" [_thread_blocked, id=57103, stack(0x0000700001b1f000,0x0000700001c1f000)]
  0x00007fbf1493b000 JavaThread "AWT-EventQueue-0" [_thread_blocked, id=56067, stack(0x0000700001c22000,0x0000700001d22000)]
  0x00007fbf12aa3000 JavaThread "process reaper" daemon [_thread_blocked, id=55047, stack(0x0000700001af4000,0x0000700001b1c000)]
  0x00007fbf11a57800 JavaThread "Java2D Disposer" daemon [_thread_blocked, id=43527, stack(0x00007000019f1000,0x0000700001af1000)]
  0x00007fbf11a77800 JavaThread "Java2D Queue Flusher" daemon [_thread_blocked, id=45847, stack(0x000070000165f000,0x000070000175f000)]
  0x00007fbf11a51800 JavaThread "AWT-Shutdown" [_thread_blocked, id=30227, stack(0x00007000014d9000,0x00007000015d9000)]
=>0x00007fbf128f9000 JavaThread "AWT-AppKit" daemon [_thread_in_native, id=515, stack(0x00007fff5a0b5000,0x00007fff5a8b5000)]
  0x00007fbf11846000 JavaThread "Service Thread" daemon [_thread_blocked, id=19203, stack(0x0000700001250000,0x0000700001350000)]
  0x00007fbf12802000 JavaThread "C1 CompilerThread3" daemon [_thread_blocked, id=18691, stack(0x000070000114d000,0x000070000124d000)]
  0x00007fbf11843000 JavaThread "C2 CompilerThread2" daemon [_thread_blocked, id=18179, stack(0x000070000104a000,0x000070000114a000)]
  0x00007fbf14826000 JavaThread "C2 CompilerThread1" daemon [_thread_in_native, id=17667, stack(0x0000700000f47000,0x0000700001047000)]
  0x00007fbf1202a000 JavaThread "C2 CompilerThread0" daemon [_thread_blocked, id=17155, stack(0x0000700000e44000,0x0000700000f44000)]
  0x00007fbf12034800 JavaThread "Signal Dispatcher" daemon [_thread_blocked, id=13071, stack(0x0000700000d41000,0x0000700000e41000)]
  0x00007fbf14836800 JavaThread "Finalizer" daemon [_thread_blocked, id=12291, stack(0x0000700000b38000,0x0000700000c38000)]
  0x00007fbf14835800 JavaThread "Reference Handler" daemon [_thread_blocked, id=11779, stack(0x0000700000a35000,0x0000700000b35000)]
  0x00007fbf12007000 JavaThread "main" [_thread_in_native, id=2051, stack(0x0000700000001000,0x0000700000081000)]

Other Threads:
  0x00007fbf11825800 VMThread [stack: 0x0000700000932000,0x0000700000a32000] [id=11267]
  0x00007fbf1188a800 WatcherThread [stack: 0x0000700001353000,0x0000700001453000] [id=19715]

VM state:not at safepoint (normal execution)

VM Mutex/Monitor currently owned by a thread: None

Heap:
 PSYoungGen      total 98304K, used 26685K [0x000000076ab00000, 0x0000000771880000, 0x00000007c0000000)
  eden space 87552K, 18% used [0x000000076ab00000,0x000000076ba91918,0x0000000770080000)
  from space 10752K, 99% used [0x0000000770e00000,0x000000077187db60,0x0000000771880000)
  to   space 10752K, 0% used [0x0000000770380000,0x0000000770380000,0x0000000770e00000)
 ParOldGen       total 118272K, used 11922K [0x00000006c0000000, 0x00000006c7380000, 0x000000076ab00000)
  object space 118272K, 10% used [0x00000006c0000000,0x00000006c0ba4938,0x00000006c7380000)
 Metaspace       used 23835K, capacity 24072K, committed 24448K, reserved 1071104K
  class space    used 2537K, capacity 2642K, committed 2688K, reserved 1048576K

Card table byte_map: [0x000000011a1c0000,0x000000011a9c1000] byte_map_base: 0x0000000116bc0000

Marking Bits: (ParMarkBitMap*) 0x0000000106293e20
 Begin Bits: [0x000000011af17000, 0x000000011ef17000)
 End Bits:   [0x000000011ef17000, 0x0000000122f17000)

Polling page: 0x000000010585d000

CodeCache: size=245760Kb used=10603Kb max_used=11665Kb free=235156Kb
 bounds [0x000000010ae00000, 0x000000010b990000, 0x0000000119e00000]
 total_blobs=3359 nmethods=2471 adapters=801
 compilation: enabled

Compilation events (10 events):
Event: 16.417 Thread 0x00007fbf11843000 nmethod 2731 0x000000010b962150 code [0x000000010b9622a0, 0x000000010b962368]
Event: 16.909 Thread 0x00007fbf1202a000 2732   !   4       javax.media.j3d.J3dClock::currentTimeMillis (104 bytes)
Event: 16.910 Thread 0x00007fbf1202a000 nmethod 2732 0x000000010b8ddb10 code [0x000000010b8ddc60, 0x000000010b8ddcf8]
Event: 17.201 Thread 0x00007fbf12802000 2733   !   3       java.awt.KeyboardFocusManager::retargetFocusEvent (244 bytes)
Event: 17.203 Thread 0x00007fbf12802000 nmethod 2733 0x000000010b0b9990 code [0x000000010b0b9e20, 0x000000010b0bcdb8]
Event: 17.214 Thread 0x00007fbf12802000 2734  s!   3       javax.media.j3d.MasterControl::runMonitor (1532 bytes)
Event: 17.216 Thread 0x00007fbf14826000 2736   !   4       javax.media.j3d.Renderer::doWork (6225 bytes)
Event: 17.221 Thread 0x00007fbf12802000 nmethod 2734 0x000000010b204d10 code [0x000000010b2055e0, 0x000000010b20c988]
Event: 17.221 Thread 0x00007fbf12802000 2735       3       java.awt.Rectangle::<init> (9 bytes)
Event: 17.222 Thread 0x00007fbf12802000 nmethod 2735 0x000000010af34d10 code [0x000000010af34e80, 0x000000010af35170]

GC Heap History (10 events):
Event: 1.337 GC heap before
{Heap before GC invocations=1 (full 0):
 PSYoungGen      total 76288K, used 65536K [0x000000076ab00000, 0x0000000770000000, 0x00000007c0000000)
  eden space 65536K, 100% used [0x000000076ab00000,0x000000076eb00000,0x000000076eb00000)
  from space 10752K, 0% used [0x000000076f580000,0x000000076f580000,0x0000000770000000)
  to   space 10752K, 0% used [0x000000076eb00000,0x000000076eb00000,0x000000076f580000)
 ParOldGen       total 175104K, used 0K [0x00000006c0000000, 0x00000006cab00000, 0x000000076ab00000)
  object space 175104K, 0% used [0x00000006c0000000,0x00000006c0000000,0x00000006cab00000)
 Metaspace       used 20289K, capacity 20538K, committed 20864K, reserved 1067008K
  class space    used 2278K, capacity 2375K, committed 2432K, reserved 1048576K
Event: 1.344 GC heap after
Heap after GC invocations=1 (full 0):
 PSYoungGen      total 76288K, used 9904K [0x000000076ab00000, 0x0000000770000000, 0x00000007c0000000)
  eden space 65536K, 0% used [0x000000076ab00000,0x000000076ab00000,0x000000076eb00000)
  from space 10752K, 92% used [0x000000076eb00000,0x000000076f4ac050,0x000000076f580000)
  to   space 10752K, 0% used [0x000000076f580000,0x000000076f580000,0x0000000770000000)
 ParOldGen       total 175104K, used 80K [0x00000006c0000000, 0x00000006cab00000, 0x000000076ab00000)
  object space 175104K, 0% used [0x00000006c0000000,0x00000006c0014010,0x00000006cab00000)
 Metaspace       used 20289K, capacity 20538K, committed 20864K, reserved 1067008K
  class space    used 2278K, capacity 2375K, committed 2432K, reserved 1048576K
}
Event: 2.137 GC heap before
{Heap before GC invocations=2 (full 0):
 PSYoungGen      total 76288K, used 64393K [0x000000076ab00000, 0x0000000770000000, 0x00000007c0000000)
  eden space 65536K, 83% used [0x000000076ab00000,0x000000076e036418,0x000000076eb00000)
  from space 10752K, 92% used [0x000000076eb00000,0x000000076f4ac050,0x000000076f580000)
  to   space 10752K, 0% used [0x000000076f580000,0x000000076f580000,0x0000000770000000)
 ParOldGen       total 175104K, used 80K [0x00000006c0000000, 0x00000006cab00000, 0x000000076ab00000)
  object space 175104K, 0% used [0x00000006c0000000,0x00000006c0014010,0x00000006cab00000)
 Metaspace       used 20935K, capacity 21118K, committed 21296K, reserved 1069056K
  class space    used 2353K, capacity 2413K, committed 2432K, reserved 1048576K
Event: 2.143 GC heap after
Heap after GC invocations=2 (full 0):
 PSYoungGen      total 76288K, used 9828K [0x000000076ab00000, 0x0000000770000000, 0x00000007c0000000)
  eden space 65536K, 0% used [0x000000076ab00000,0x000000076ab00000,0x000000076eb00000)
  from space 10752K, 91% used [0x000000076f580000,0x000000076ff190e8,0x0000000770000000)
  to   space 10752K, 0% used [0x000000076eb00000,0x000000076eb00000,0x000000076f580000)
 ParOldGen       total 175104K, used 88K [0x00000006c0000000, 0x00000006cab00000, 0x000000076ab00000)
  object space 175104K, 0% used [0x00000006c0000000,0x00000006c0016010,0x00000006cab00000)
 Metaspace       used 20935K, capacity 21118K, committed 21296K, reserved 1069056K
  class space    used 2353K, capacity 2413K, committed 2432K, reserved 1048576K
}
Event: 2.143 GC heap before
{Heap before GC invocations=3 (full 1):
 PSYoungGen      total 76288K, used 9828K [0x000000076ab00000, 0x0000000770000000, 0x00000007c0000000)
  eden space 65536K, 0% used [0x000000076ab00000,0x000000076ab00000,0x000000076eb00000)
  from space 10752K, 91% used [0x000000076f580000,0x000000076ff190e8,0x0000000770000000)
  to   space 10752K, 0% used [0x000000076eb00000,0x000000076eb00000,0x000000076f580000)
 ParOldGen       total 175104K, used 88K [0x00000006c0000000, 0x00000006cab00000, 0x000000076ab00000)
  object space 175104K, 0% used [0x00000006c0000000,0x00000006c0016010,0x00000006cab00000)
 Metaspace       used 20935K, capacity 21118K, committed 21296K, reserved 1069056K
  class space    used 2353K, capacity 2413K, committed 2432K, reserved 1048576K
Event: 2.169 GC heap after
Heap after GC invocations=3 (full 1):
 PSYoungGen      total 76288K, used 0K [0x000000076ab00000, 0x0000000770000000, 0x00000007c0000000)
  eden space 65536K, 0% used [0x000000076ab00000,0x000000076ab00000,0x000000076eb00000)
  from space 10752K, 0% used [0x000000076f580000,0x000000076f580000,0x0000000770000000)
  to   space 10752K, 0% used [0x000000076eb00000,0x000000076eb00000,0x000000076f580000)
 ParOldGen       total 118272K, used 9671K [0x00000006c0000000, 0x00000006c7380000, 0x000000076ab00000)
  object space 118272K, 8% used [0x00000006c0000000,0x00000006c0971e48,0x00000006c7380000)
 Metaspace       used 20935K, capacity 21118K, committed 21296K, reserved 1069056K
  class space    used 2353K, capacity 2413K, committed 2432K, reserved 1048576K
}
Event: 2.338 GC heap before
{Heap before GC invocations=4 (full 1):
 PSYoungGen      total 76288K, used 65536K [0x000000076ab00000, 0x0000000770000000, 0x00000007c0000000)
  eden space 65536K, 100% used [0x000000076ab00000,0x000000076eb00000,0x000000076eb00000)
  from space 10752K, 0% used [0x000000076f580000,0x000000076f580000,0x0000000770000000)
  to   space 10752K, 0% used [0x000000076eb00000,0x000000076eb00000,0x000000076f580000)
 ParOldGen       total 118272K, used 9671K [0x00000006c0000000, 0x00000006c7380000, 0x000000076ab00000)
  object space 118272K, 8% used [0x00000006c0000000,0x00000006c0971e48,0x00000006c7380000)
 Metaspace       used 21343K, capacity 21564K, committed 21936K, reserved 1069056K
  class space    used 2372K, capacity 2448K, committed 2560K, reserved 1048576K
Event: 2.340 GC heap after
Heap after GC invocations=4 (full 1):
 PSYoungGen      total 76288K, used 5721K [0x000000076ab00000, 0x0000000771880000, 0x00000007c0000000)
  eden space 65536K, 0% used [0x000000076ab00000,0x000000076ab00000,0x000000076eb00000)
  from space 10752K, 53% used [0x000000076eb00000,0x000000076f0964a0,0x000000076f580000)
  to   space 10752K, 0% used [0x0000000770e00000,0x0000000770e00000,0x0000000771880000)
 ParOldGen       total 118272K, used 9679K [0x00000006c0000000, 0x00000006c7380000, 0x000000076ab00000)
  object space 118272K, 8% used [0x00000006c0000000,0x00000006c0973e48,0x00000006c7380000)
 Metaspace       used 21343K, capacity 21564K, committed 21936K, reserved 1069056K
  class space    used 2372K, capacity 2448K, committed 2560K, reserved 1048576K
}
Event: 6.283 GC heap before
{Heap before GC invocations=5 (full 1):
 PSYoungGen      total 76288K, used 71257K [0x000000076ab00000, 0x0000000771880000, 0x00000007c0000000)
  eden space 65536K, 100% used [0x000000076ab00000,0x000000076eb00000,0x000000076eb00000)
  from space 10752K, 53% used [0x000000076eb00000,0x000000076f0964a0,0x000000076f580000)
  to   space 10752K, 0% used [0x0000000770e00000,0x0000000770e00000,0x0000000771880000)
 ParOldGen       total 118272K, used 9679K [0x00000006c0000000, 0x00000006c7380000, 0x000000076ab00000)
  object space 118272K, 8% used [0x00000006c0000000,0x00000006c0973e48,0x00000006c7380000)
 Metaspace       used 23620K, capacity 23944K, committed 24192K, reserved 1071104K
  class space    used 2530K, capacity 2642K, committed 2688K, reserved 1048576K
Event: 6.293 GC heap after
Heap after GC invocations=5 (full 1):
 PSYoungGen      total 98304K, used 10742K [0x000000076ab00000, 0x0000000771880000, 0x00000007c0000000)
  eden space 87552K, 0% used [0x000000076ab00000,0x000000076ab00000,0x0000000770080000)
  from space 10752K, 99% used [0x0000000770e00000,0x000000077187db60,0x0000000771880000)
  to   space 10752K, 0% used [0x0000000770380000,0x0000000770380000,0x0000000770e00000)
 ParOldGen       total 118272K, used 11922K [0x00000006c0000000, 0x00000006c7380000, 0x000000076ab00000)
  object space 118272K, 10% used [0x00000006c0000000,0x00000006c0ba4938,0x00000006c7380000)
 Metaspace       used 23620K, capacity 23944K, committed 24192K, reserved 1071104K
  class space    used 2530K, capacity 2642K, committed 2688K, reserved 1048576K
}

Deoptimization events (10 events):
Event: 6.508 Thread 0x00007fbf14c57800 Uncommon trap: reason=predicate action=maybe_recompile pc=0x000000010b815b58 method=java.util.Arrays.fill([Ljava/lang/Object;IILjava/lang/Object;)V @ 16
Event: 7.110 Thread 0x00007fbf14c57800 Uncommon trap: reason=array_check action=maybe_recompile pc=0x000000010b854798 method=java.util.Arrays.fill([Ljava/lang/Object;IILjava/lang/Object;)V @ 20
Event: 7.117 Thread 0x00007fbf1403e000 Uncommon trap: reason=array_check action=maybe_recompile pc=0x000000010b854798 method=java.util.Arrays.fill([Ljava/lang/Object;IILjava/lang/Object;)V @ 20
Event: 7.117 Thread 0x00007fbf11ed1800 Uncommon trap: reason=array_check action=maybe_recompile pc=0x000000010b854798 method=java.util.Arrays.fill([Ljava/lang/Object;IILjava/lang/Object;)V @ 20
Event: 7.117 Thread 0x00007fbf15843800 Uncommon trap: reason=array_check action=maybe_recompile pc=0x000000010b854798 method=java.util.Arrays.fill([Ljava/lang/Object;IILjava/lang/Object;)V @ 20
Event: 17.210 Thread 0x00007fbf11b4b800 Uncommon trap: reason=range_check action=make_not_entrant pc=0x000000010b81edd4 method=javax.media.j3d.Renderer.doWork(J)V @ 58
Event: 17.214 Thread 0x00007fbf11b4b800 Uncommon trap: reason=unstable_if action=reinterpret pc=0x000000010b746944 method=javax.media.j3d.MasterControl.runMonitor(ILjavax/media/j3d/UnorderList;Ljavax/media/j3d/UnorderList;Ljavax/media/j3d/UnorderList;Ljavax/media/j3d/J3dThread;)V @ 1110
Event: 17.217 Thread 0x00007fbf1493b000 Uncommon trap: reason=bimorphic action=maybe_recompile pc=0x000000010b4f4b78 method=javax.swing.ArrayTable.get(Ljava/lang/Object;)Ljava/lang/Object; @ 44
Event: 17.217 Thread 0x00007fbf1493b000 Uncommon trap: reason=bimorphic action=maybe_recompile pc=0x000000010b4f4b78 method=javax.swing.ArrayTable.get(Ljava/lang/Object;)Ljava/lang/Object; @ 44
Event: 17.217 Thread 0x00007fbf1493b000 Uncommon trap: reason=unstable_if action=reinterpret pc=0x000000010b4eef1c method=java.awt.Component.firePropertyChange(Ljava/lang/String;Ljava/lang/Object;Ljava/lang/Object;)V @ 38

Internal exceptions (10 events):
Event: 2.262 Thread 0x00007fbf12007000 Implicit null exception at 0x000000010b30e381 to 0x000000010b311838
Event: 2.263 Thread 0x00007fbf12007000 Exception <a 'java/lang/NullPointerException'> (0x000000076c8d99b0) thrown at [/Users/java_re/workspace/8-2-build-macosx-x86_64/jdk8u65/4987/hotspot/src/share/vm/runtime/sharedRuntime.cpp, line 605]
Event: 2.264 Thread 0x00007fbf12007000 Implicit null exception at 0x000000010b30e381 to 0x000000010b311838
Event: 2.264 Thread 0x00007fbf12007000 Exception <a 'java/lang/NullPointerException'> (0x000000076c8e1648) thrown at [/Users/java_re/workspace/8-2-build-macosx-x86_64/jdk8u65/4987/hotspot/src/share/vm/runtime/sharedRuntime.cpp, line 605]
Event: 2.264 Thread 0x00007fbf12007000 Implicit null exception at 0x000000010b30e381 to 0x000000010b311838
Event: 2.264 Thread 0x00007fbf12007000 Exception <a 'java/lang/NullPointerException'> (0x000000076c8e18b8) thrown at [/Users/java_re/workspace/8-2-build-macosx-x86_64/jdk8u65/4987/hotspot/src/share/vm/runtime/sharedRuntime.cpp, line 605]
Event: 2.265 Thread 0x00007fbf12007000 Implicit null exception at 0x000000010b30e381 to 0x000000010b311838
Event: 2.265 Thread 0x00007fbf12007000 Exception <a 'java/lang/NullPointerException'> (0x000000076c8e95e8) thrown at [/Users/java_re/workspace/8-2-build-macosx-x86_64/jdk8u65/4987/hotspot/src/share/vm/runtime/sharedRuntime.cpp, line 605]
Event: 2.265 Thread 0x00007fbf12007000 Implicit null exception at 0x000000010b30e381 to 0x000000010b311838
Event: 2.265 Thread 0x00007fbf12007000 Exception <a 'java/lang/NullPointerException'> (0x000000076c8e9858) thrown at [/Users/java_re/workspace/8-2-build-macosx-x86_64/jdk8u65/4987/hotspot/src/share/vm/runtime/sharedRuntime.cpp, line 605]

Events (10 events):
Event: 17.222 Thread 0x00007fbf12802000 flushing nmethod 0x000000010b2f9050
Event: 17.222 Thread 0x00007fbf12802000 flushing nmethod 0x000000010b30dd90
Event: 17.222 Thread 0x00007fbf12802000 flushing nmethod 0x000000010b321910
Event: 17.222 Thread 0x00007fbf12802000 flushing nmethod 0x000000010b334750
Event: 17.222 Thread 0x00007fbf12802000 flushing nmethod 0x000000010b336d50
Event: 17.222 Thread 0x00007fbf12802000 flushing nmethod 0x000000010b33c010
Event: 17.222 Thread 0x00007fbf12802000 flushing nmethod 0x000000010b351c50
Event: 17.222 Thread 0x00007fbf12802000 flushing nmethod 0x000000010b353b50
Event: 17.222 Thread 0x00007fbf12802000 flushing nmethod 0x000000010b361e90
Event: 17.222 Thread 0x00007fbf12802000 flushing nmethod 0x000000010b3644d0


Dynamic libraries:
0x00000001053c7000 	/usr/local/lib/libxml2.2.dylib
0x000000010556a000 	/usr/local/lib/libgsl.19.dylib
0x000000010585e000 	/usr/local/lib/libgslcblas.0.dylib
0x00000001058ae000 	/Library/Frameworks/SDL2.framework/Versions/A/SDL2
0x000000000ac79000 	/System/Library/Frameworks/Cocoa.framework/Versions/A/Cocoa
0x00000001059aa000 	/Library/Frameworks/SDL2_ttf.framework/Versions/A/SDL2_ttf
0x00000001059b5000 	/Library/Java/JavaVirtualMachines/jdk1.8.0_65.jdk/Contents/Home/jre/lib/server/libjvm.dylib
0x000000000ac79000 	/System/Library/Frameworks/CoreFoundation.framework/Versions/A/CoreFoundation
0x000000000ac79000 	/usr/lib/libSystem.B.dylib
0x000000000ac79000 	/usr/lib/libc++.1.dylib
0x000000000ac79000 	/usr/lib/libz.1.dylib
0x0000000106941000 	/usr/local/opt/xz/lib/liblzma.5.dylib
0x000000000ac79000 	/usr/lib/libiconv.2.dylib
0x000000000ac79000 	/usr/lib/system/libcache.dylib
0x000000000ac79000 	/usr/lib/system/libcommonCrypto.dylib
0x000000000ac79000 	/usr/lib/system/libcompiler_rt.dylib
0x000000000ac79000 	/usr/lib/system/libcopyfile.dylib
0x000000000ac79000 	/usr/lib/system/libcorecrypto.dylib
0x000000000ac79000 	/usr/lib/system/libdispatch.dylib
0x000000000ac79000 	/usr/lib/system/libdyld.dylib
0x000000000ac79000 	/usr/lib/system/libkeymgr.dylib
0x000000000ac79000 	/usr/lib/system/liblaunch.dylib
0x000000000ac79000 	/usr/lib/system/libmacho.dylib
0x000000000ac79000 	/usr/lib/system/libquarantine.dylib
0x000000000ac79000 	/usr/lib/system/libremovefile.dylib
0x000000000ac79000 	/usr/lib/system/libsystem_asl.dylib
0x000000000ac79000 	/usr/lib/system/libsystem_blocks.dylib
0x000000000ac79000 	/usr/lib/system/libsystem_c.dylib
0x000000000ac79000 	/usr/lib/system/libsystem_configuration.dylib
0x000000000ac79000 	/usr/lib/system/libsystem_coreservices.dylib
0x000000000ac79000 	/usr/lib/system/libsystem_coretls.dylib
0x000000000ac79000 	/usr/lib/system/libsystem_dnssd.dylib
0x000000000ac79000 	/usr/lib/system/libsystem_info.dylib
0x000000000ac79000 	/usr/lib/system/libsystem_kernel.dylib
0x000000000ac79000 	/usr/lib/system/libsystem_m.dylib
0x000000000ac79000 	/usr/lib/system/libsystem_malloc.dylib
0x000000000ac79000 	/usr/lib/system/libsystem_network.dylib
0x000000000ac79000 	/usr/lib/system/libsystem_networkextension.dylib
0x000000000ac79000 	/usr/lib/system/libsystem_notify.dylib
0x000000000ac79000 	/usr/lib/system/libsystem_platform.dylib
0x000000000ac79000 	/usr/lib/system/libsystem_pthread.dylib
0x000000000ac79000 	/usr/lib/system/libsystem_sandbox.dylib
0x000000000ac79000 	/usr/lib/system/libsystem_secinit.dylib
0x000000000ac79000 	/usr/lib/system/libsystem_trace.dylib
0x000000000ac79000 	/usr/lib/system/libunc.dylib
0x000000000ac79000 	/usr/lib/system/libunwind.dylib
0x000000000ac79000 	/usr/lib/system/libxpc.dylib
0x000000000ac79000 	/usr/lib/libobjc.A.dylib
0x000000000ac79000 	/usr/lib/libauto.dylib
0x000000000ac79000 	/usr/lib/libc++abi.dylib
0x000000000ac79000 	/usr/lib/libDiagnosticMessagesClient.dylib
0x000000000ac79000 	/System/Library/Frameworks/CoreVideo.framework/Versions/A/CoreVideo
0x000000000ac79000 	/System/Library/Frameworks/AudioToolbox.framework/Versions/A/AudioToolbox
0x000000000ac79000 	/System/Library/Frameworks/AudioUnit.framework/Versions/A/AudioUnit
0x000000000ac79000 	/System/Library/Frameworks/CoreAudio.framework/Versions/A/CoreAudio
0x000000000ac79000 	/System/Library/Frameworks/IOKit.framework/Versions/A/IOKit
0x000000000ac79000 	/System/Library/Frameworks/Carbon.framework/Versions/A/Carbon
0x0000000106965000 	/System/Library/Frameworks/ForceFeedback.framework/Versions/A/ForceFeedback
0x000000000ac79000 	/System/Library/Frameworks/AppKit.framework/Versions/C/AppKit
0x000000000ac79000 	/System/Library/Frameworks/ApplicationServices.framework/Versions/A/ApplicationServices
0x000000000ac79000 	/System/Library/Frameworks/CoreServices.framework/Versions/A/CoreServices
0x000000000ac79000 	/System/Library/Frameworks/Foundation.framework/Versions/C/Foundation
0x000000000ac79000 	/System/Library/Frameworks/OpenGL.framework/Versions/A/OpenGL
0x000000000ac79000 	/System/Library/Frameworks/IOSurface.framework/Versions/A/IOSurface
0x000000000ac79000 	/System/Library/Frameworks/CoreGraphics.framework/Versions/A/CoreGraphics
0x000000000ac79000 	/usr/lib/libenergytrace.dylib
0x000000000ac79000 	/usr/lib/libbsm.0.dylib
0x000000000ac79000 	/usr/lib/system/libkxld.dylib
0x000000000ac79000 	/usr/lib/libicucore.A.dylib
0x000000000ac79000 	/System/Library/Frameworks/CoreText.framework/Versions/A/CoreText
0x000000000ac79000 	/System/Library/Frameworks/ImageIO.framework/Versions/A/ImageIO
0x000000000ac79000 	/System/Library/Frameworks/ApplicationServices.framework/Versions/A/Frameworks/ATS.framework/Versions/A/ATS
0x000000000ac79000 	/System/Library/Frameworks/ApplicationServices.framework/Versions/A/Frameworks/ColorSync.framework/Versions/A/ColorSync
0x000000000ac79000 	/System/Library/Frameworks/ApplicationServices.framework/Versions/A/Frameworks/HIServices.framework/Versions/A/HIServices
0x000000000ac79000 	/System/Library/Frameworks/ApplicationServices.framework/Versions/A/Frameworks/LangAnalysis.framework/Versions/A/LangAnalysis
0x000000000ac79000 	/System/Library/Frameworks/ApplicationServices.framework/Versions/A/Frameworks/PrintCore.framework/Versions/A/PrintCore
0x000000000ac79000 	/System/Library/Frameworks/ApplicationServices.framework/Versions/A/Frameworks/QD.framework/Versions/A/QD
0x000000000ac79000 	/System/Library/Frameworks/ApplicationServices.framework/Versions/A/Frameworks/SpeechSynthesis.framework/Versions/A/SpeechSynthesis
0x000000000ac79000 	/System/Library/Frameworks/CFNetwork.framework/Versions/A/CFNetwork
0x000000000ac79000 	/System/Library/Frameworks/Security.framework/Versions/A/Security
0x000000000ac79000 	/System/Library/Frameworks/Accelerate.framework/Versions/A/Accelerate
0x000000000ac79000 	/System/Library/Frameworks/SystemConfiguration.framework/Versions/A/SystemConfiguration
0x000000000ac79000 	/System/Library/PrivateFrameworks/MultitouchSupport.framework/Versions/A/MultitouchSupport
0x000000000ac79000 	/System/Library/Frameworks/Metal.framework/Versions/A/Metal
0x000000000ac79000 	/usr/lib/libsqlite3.dylib
0x000000000ac79000 	/usr/lib/libxml2.2.dylib
0x000000000ac79000 	/usr/lib/libxar.1.dylib
0x000000000ac79000 	/usr/lib/libpam.2.dylib
0x000000000ac79000 	/usr/lib/libOpenScriptingUtil.dylib
0x000000000ac79000 	/usr/lib/libbz2.1.0.dylib
0x000000000ac79000 	/System/Library/Frameworks/CoreServices.framework/Versions/A/Frameworks/FSEvents.framework/Versions/A/FSEvents
0x000000000ac79000 	/System/Library/Frameworks/CoreServices.framework/Versions/A/Frameworks/CarbonCore.framework/Versions/A/CarbonCore
0x000000000ac79000 	/System/Library/Frameworks/CoreServices.framework/Versions/A/Frameworks/Metadata.framework/Versions/A/Metadata
0x000000000ac79000 	/System/Library/Frameworks/CoreServices.framework/Versions/A/Frameworks/OSServices.framework/Versions/A/OSServices
0x000000000ac79000 	/System/Library/Frameworks/CoreServices.framework/Versions/A/Frameworks/SearchKit.framework/Versions/A/SearchKit
0x000000000ac79000 	/System/Library/Frameworks/CoreServices.framework/Versions/A/Frameworks/AE.framework/Versions/A/AE
0x000000000ac79000 	/System/Library/Frameworks/CoreServices.framework/Versions/A/Frameworks/LaunchServices.framework/Versions/A/LaunchServices
0x000000000ac79000 	/System/Library/Frameworks/CoreServices.framework/Versions/A/Frameworks/DictionaryServices.framework/Versions/A/DictionaryServices
0x000000000ac79000 	/System/Library/Frameworks/CoreServices.framework/Versions/A/Frameworks/SharedFileList.framework/Versions/A/SharedFileList
0x000000000ac79000 	/System/Library/Frameworks/DiskArbitration.framework/Versions/A/DiskArbitration
0x000000000ac79000 	/System/Library/Frameworks/NetFS.framework/Versions/A/NetFS
0x000000000ac79000 	/System/Library/PrivateFrameworks/NetAuth.framework/Versions/A/NetAuth
0x000000000ac79000 	/System/Library/PrivateFrameworks/login.framework/Versions/A/Frameworks/loginsupport.framework/Versions/A/loginsupport
0x000000000ac79000 	/System/Library/PrivateFrameworks/TCC.framework/Versions/A/TCC
0x000000000ac79000 	/usr/lib/libmecabra.dylib
0x000000000ac79000 	/System/Library/PrivateFrameworks/LanguageModeling.framework/Versions/A/LanguageModeling
0x000000000ac79000 	/usr/lib/libmarisa.dylib
0x000000000ac79000 	/usr/lib/libChineseTokenizer.dylib
0x000000000ac79000 	/usr/lib/libcmph.dylib
0x000000000ac79000 	/System/Library/Frameworks/CoreData.framework/Versions/A/CoreData
0x000000000ac79000 	/usr/lib/libCRFSuite.dylib
0x000000000ac79000 	/usr/lib/libextension.dylib
0x000000000ac79000 	/usr/lib/libarchive.2.dylib
0x000000000ac79000 	/usr/lib/liblangid.dylib
0x000000000ac79000 	/usr/lib/liblzma.5.dylib
0x000000000ac79000 	/usr/lib/libcompression.dylib
0x000000000ac79000 	/System/Library/Frameworks/OpenDirectory.framework/Versions/A/Frameworks/CFOpenDirectory.framework/Versions/A/CFOpenDirectory
0x000000000ac79000 	/System/Library/Frameworks/ServiceManagement.framework/Versions/A/ServiceManagement
0x000000000ac79000 	/usr/lib/libxslt.1.dylib
0x000000000ac79000 	/System/Library/Frameworks/Accelerate.framework/Versions/A/Frameworks/vImage.framework/Versions/A/vImage
0x000000000ac79000 	/System/Library/Frameworks/Accelerate.framework/Versions/A/Frameworks/vecLib.framework/Versions/A/vecLib
0x000000000ac79000 	/System/Library/Frameworks/Accelerate.framework/Versions/A/Frameworks/vecLib.framework/Versions/A/libvDSP.dylib
0x000000000ac79000 	/System/Library/Frameworks/Accelerate.framework/Versions/A/Frameworks/vecLib.framework/Versions/A/libvMisc.dylib
0x000000000ac79000 	/System/Library/Frameworks/Accelerate.framework/Versions/A/Frameworks/vecLib.framework/Versions/A/libLAPACK.dylib
0x000000000ac79000 	/System/Library/Frameworks/Accelerate.framework/Versions/A/Frameworks/vecLib.framework/Versions/A/libBLAS.dylib
0x000000000ac79000 	/System/Library/Frameworks/Accelerate.framework/Versions/A/Frameworks/vecLib.framework/Versions/A/libLinearAlgebra.dylib
0x000000000ac79000 	/System/Library/Frameworks/Accelerate.framework/Versions/A/Frameworks/vecLib.framework/Versions/A/libSparseBLAS.dylib
0x000000000ac79000 	/System/Library/PrivateFrameworks/GPUCompiler.framework/libmetal_timestamp.dylib
0x000000000ac79000 	/System/Library/Frameworks/OpenGL.framework/Versions/A/Libraries/libCoreFSCache.dylib
0x000000000ac79000 	/System/Library/PrivateFrameworks/IOAccelerator.framework/Versions/A/IOAccelerator
0x000000000ac79000 	/System/Library/Frameworks/ApplicationServices.framework/Versions/A/Frameworks/ATS.framework/Versions/A/Resources/libFontParser.dylib
0x000000000ac79000 	/System/Library/Frameworks/ApplicationServices.framework/Versions/A/Frameworks/ATS.framework/Versions/A/Resources/libFontRegistry.dylib
0x000000000ac79000 	/System/Library/PrivateFrameworks/AppleVPA.framework/Versions/A/AppleVPA
0x000000000ac79000 	/System/Library/PrivateFrameworks/AppleJPEG.framework/Versions/A/AppleJPEG
0x000000000ac79000 	/System/Library/Frameworks/ImageIO.framework/Versions/A/Resources/libJPEG.dylib
0x000000000ac79000 	/System/Library/Frameworks/ImageIO.framework/Versions/A/Resources/libTIFF.dylib
0x000000000ac79000 	/System/Library/Frameworks/ImageIO.framework/Versions/A/Resources/libPng.dylib
0x000000000ac79000 	/System/Library/Frameworks/ImageIO.framework/Versions/A/Resources/libGIF.dylib
0x000000000ac79000 	/System/Library/Frameworks/ImageIO.framework/Versions/A/Resources/libJP2.dylib
0x000000000ac79000 	/System/Library/Frameworks/ImageIO.framework/Versions/A/Resources/libRadiance.dylib
0x000000000ac79000 	/System/Library/Frameworks/OpenGL.framework/Versions/A/Libraries/libGLU.dylib
0x000000000ac79000 	/System/Library/Frameworks/OpenGL.framework/Versions/A/Libraries/libGFXShared.dylib
0x000000000ac79000 	/System/Library/Frameworks/OpenGL.framework/Versions/A/Libraries/libGL.dylib
0x000000000ac79000 	/System/Library/Frameworks/OpenGL.framework/Versions/A/Libraries/libGLImage.dylib
0x000000000ac79000 	/System/Library/Frameworks/OpenGL.framework/Versions/A/Libraries/libCVMSPluginSupport.dylib
0x000000000ac79000 	/System/Library/Frameworks/OpenGL.framework/Versions/A/Libraries/libCoreVMClient.dylib
0x000000000ac79000 	/usr/lib/libcups.2.dylib
0x000000000ac79000 	/System/Library/Frameworks/Kerberos.framework/Versions/A/Kerberos
0x000000000ac79000 	/System/Library/Frameworks/GSS.framework/Versions/A/GSS
0x000000000ac79000 	/usr/lib/libresolv.9.dylib
0x000000000ac79000 	/System/Library/PrivateFrameworks/Heimdal.framework/Versions/A/Heimdal
0x000000000ac79000 	/usr/lib/libheimdal-asn1.dylib
0x000000000ac79000 	/System/Library/Frameworks/OpenDirectory.framework/Versions/A/OpenDirectory
0x000000000ac79000 	/System/Library/PrivateFrameworks/CommonAuth.framework/Versions/A/CommonAuth
0x000000000ac79000 	/System/Library/Frameworks/SecurityFoundation.framework/Versions/A/SecurityFoundation
0x000000000ac79000 	/System/Library/PrivateFrameworks/RemoteViewServices.framework/Versions/A/RemoteViewServices
0x000000000ac79000 	/System/Library/PrivateFrameworks/UIFoundation.framework/Versions/A/UIFoundation
0x000000000ac79000 	/usr/lib/libScreenReader.dylib
0x000000000ac79000 	/System/Library/PrivateFrameworks/DataDetectorsCore.framework/Versions/A/DataDetectorsCore
0x000000000ac79000 	/System/Library/PrivateFrameworks/DesktopServicesPriv.framework/Versions/A/DesktopServicesPriv
0x000000000ac79000 	/System/Library/Frameworks/Carbon.framework/Versions/A/Frameworks/HIToolbox.framework/Versions/A/HIToolbox
0x000000000ac79000 	/System/Library/Frameworks/QuartzCore.framework/Versions/A/QuartzCore
0x000000000ac79000 	/System/Library/Frameworks/Carbon.framework/Versions/A/Frameworks/SpeechRecognition.framework/Versions/A/SpeechRecognition
0x000000000ac79000 	/System/Library/PrivateFrameworks/CoreUI.framework/Versions/A/CoreUI
0x000000000ac79000 	/System/Library/PrivateFrameworks/PerformanceAnalysis.framework/Versions/A/PerformanceAnalysis
0x000000000ac79000 	/System/Library/PrivateFrameworks/GenerationalStorage.framework/Versions/A/GenerationalStorage
0x000000000ac79000 	/System/Library/PrivateFrameworks/Sharing.framework/Versions/A/Sharing
0x000000000ac79000 	/System/Library/Frameworks/CoreImage.framework/Versions/A/CoreImage
0x000000000ac79000 	/System/Library/PrivateFrameworks/Backup.framework/Versions/A/Backup
0x000000000ac79000 	/System/Library/Frameworks/Carbon.framework/Versions/A/Frameworks/Ink.framework/Versions/A/Ink
0x000000000ac79000 	/usr/lib/libFosl_dynamic.dylib
0x000000000ac79000 	/System/Library/PrivateFrameworks/FaceCore.framework/Versions/A/FaceCore
0x000000000ac79000 	/System/Library/Frameworks/OpenCL.framework/Versions/A/OpenCL
0x000000000ac79000 	/System/Library/PrivateFrameworks/CrashReporterSupport.framework/Versions/A/CrashReporterSupport
0x000000000ac79000 	/System/Library/PrivateFrameworks/IconServices.framework/Versions/A/IconServices
0x000000000ac79000 	/System/Library/PrivateFrameworks/Apple80211.framework/Versions/A/Apple80211
0x000000000ac79000 	/System/Library/Frameworks/CoreWLAN.framework/Versions/A/CoreWLAN
0x000000000ac79000 	/System/Library/Frameworks/IOBluetooth.framework/Versions/A/IOBluetooth
0x000000000ac79000 	/System/Library/PrivateFrameworks/CoreWiFi.framework/Versions/A/CoreWiFi
0x000000000ac79000 	/System/Library/Frameworks/CoreBluetooth.framework/Versions/A/CoreBluetooth
0x000000000ac79000 	/System/Library/PrivateFrameworks/ChunkingLibrary.framework/Versions/A/ChunkingLibrary
0x000000000ac79000 	/System/Library/PrivateFrameworks/DebugSymbols.framework/Versions/A/DebugSymbols
0x000000000ac79000 	/System/Library/PrivateFrameworks/CoreSymbolication.framework/Versions/A/CoreSymbolication
0x000000000ac79000 	/System/Library/PrivateFrameworks/Symbolication.framework/Versions/A/Symbolication
0x000000000ac79000 	/System/Library/PrivateFrameworks/SpeechRecognitionCore.framework/Versions/A/SpeechRecognitionCore
0x000000000ac79000 	/System/Library/Frameworks/Carbon.framework/Versions/A/Frameworks/CommonPanels.framework/Versions/A/CommonPanels
0x000000000ac79000 	/System/Library/Frameworks/Carbon.framework/Versions/A/Frameworks/Help.framework/Versions/A/Help
0x000000000ac79000 	/System/Library/Frameworks/Carbon.framework/Versions/A/Frameworks/ImageCapture.framework/Versions/A/ImageCapture
0x000000000ac79000 	/System/Library/Frameworks/Carbon.framework/Versions/A/Frameworks/OpenScripting.framework/Versions/A/OpenScripting
0x000000000ac79000 	/System/Library/Frameworks/Carbon.framework/Versions/A/Frameworks/Print.framework/Versions/A/Print
0x000000000ac79000 	/System/Library/Frameworks/Carbon.framework/Versions/A/Frameworks/SecurityHI.framework/Versions/A/SecurityHI
0x000000010696e000 	/Library/Frameworks/SDL2_ttf.framework/Versions/A/Frameworks/FreeType.framework/Versions/A/FreeType
0x000000000ac79000 	/usr/lib/libstdc++.6.dylib
0x0000000106a3d000 	/Library/Java/JavaVirtualMachines/jdk1.8.0_65.jdk/Contents/Home/jre/lib/libverify.dylib
0x0000000106a4b000 	/Library/Java/JavaVirtualMachines/jdk1.8.0_65.jdk/Contents/Home/jre/lib/libjava.dylib
0x0000000106a88000 	/Library/Java/JavaVirtualMachines/jdk1.8.0_65.jdk/Contents/Home/jre/lib/libzip.dylib
0x0000000109de5000 	/System/Library/Frameworks/JavaVM.framework/Frameworks/JavaRuntimeSupport.framework/JavaRuntimeSupport
0x0000000125c3b000 	/System/Library/Frameworks/JavaVM.framework/Versions/A/Frameworks/JavaNativeFoundation.framework/Versions/A/JavaNativeFoundation
0x0000000125c50000 	/System/Library/Frameworks/JavaVM.framework/Versions/A/JavaVM
0x0000000125c5d000 	/System/Library/PrivateFrameworks/JavaLaunching.framework/Versions/A/JavaLaunching
0x00000001275c6000 	/Library/Java/JavaVirtualMachines/jdk1.8.0_65.jdk/Contents/Home/jre/lib/libawt.dylib
0x000000012766e000 	/Library/Java/JavaVirtualMachines/jdk1.8.0_65.jdk/Contents/Home/jre/lib/./libmlib_image.dylib
0x000000012773a000 	/Library/Java/JavaVirtualMachines/jdk1.8.0_65.jdk/Contents/Home/jre/lib/libawt_lwawt.dylib
0x00000001277ef000 	/Library/Java/JavaVirtualMachines/jdk1.8.0_65.jdk/Contents/Home/jre/lib/./libosxapp.dylib
0x000000000ac79000 	/System/Library/Frameworks/ExceptionHandling.framework/Versions/A/ExceptionHandling
0x000000000ac79000 	/System/Library/PrivateFrameworks/CoreServicesInternal.framework/Versions/A/CoreServicesInternal
0x000000000ac79000 	/System/Library/Frameworks/CoreGraphics.framework/Versions/A/Resources/libRIP.A.dylib
0x000000000ac79000 	/System/Library/Frameworks/Accelerate.framework/Versions/A/Frameworks/vImage.framework/Versions/A/Libraries/libCGInterfaces.dylib
0x000000000ac79000 	/System/Library/Frameworks/CoreGraphics.framework/Versions/A/Resources/libCGXType.A.dylib
0x000000000ac79000 	/System/Library/Frameworks/OpenCL.framework/Versions/A/Libraries/libcldcpuengine.dylib
0x000000000ac79000 	/System/Library/PrivateFrameworks/DiskImages.framework/Versions/A/DiskImages
0x000000000ac79000 	/System/Library/Frameworks/DiscRecording.framework/Versions/A/DiscRecording
0x000000000ac79000 	/usr/lib/libcsfde.dylib
0x000000000ac79000 	/usr/lib/libcurl.4.dylib
0x000000000ac79000 	/System/Library/PrivateFrameworks/MediaKit.framework/Versions/A/MediaKit
0x000000000ac79000 	/System/Library/PrivateFrameworks/ProtectedCloudStorage.framework/Versions/A/ProtectedCloudStorage
0x000000000ac79000 	/usr/lib/libCoreStorage.dylib
0x000000000ac79000 	/System/Library/PrivateFrameworks/EFILogin.framework/Versions/A/EFILogin
0x000000000ac79000 	/usr/lib/libutil.dylib
0x000000000ac79000 	/System/Library/PrivateFrameworks/FindMyDevice.framework/Versions/A/FindMyDevice
0x000000000ac79000 	/System/Library/Frameworks/LDAP.framework/Versions/A/LDAP
0x000000000ac79000 	/usr/lib/libsasl2.2.dylib
0x000000000ac79000 	/System/Library/PrivateFrameworks/CoreDaemon.framework/Versions/B/CoreDaemon
0x000000000ac79000 	/usr/lib/libcrypto.0.9.8.dylib
0x000000000ac79000 	/System/Library/PrivateFrameworks/AppleSRP.framework/Versions/A/AppleSRP
0x000000000ac79000 	/System/Library/PrivateFrameworks/TrustEvaluationAgent.framework/Versions/A/TrustEvaluationAgent
0x000000012a89c000 	cl_kernels
0x000000000ac79000 	/System/Library/Frameworks/OpenCL.framework/Versions/A/Libraries/ImageFormats/unorm8_bgra.dylib
0x000000000ac79000 	/System/Library/Frameworks/OpenCL.framework/Versions/A/Libraries/ImageFormats/unorm8_rgba.dylib
0x000000000ac79000 	/System/Library/Frameworks/OpenGL.framework/Versions/A/Resources/GLEngine.bundle/GLEngine
0x000000000ac79000 	/System/Library/Frameworks/OpenGL.framework/Versions/A/Libraries/libGLProgrammability.dylib
0x000000012a943000 	/System/Library/Extensions/AppleIntelHD5000GraphicsGLDriver.bundle/Contents/MacOS/AppleIntelHD5000GraphicsGLDriver
0x000000000ac79000 	/System/Library/PrivateFrameworks/GPUSupport.framework/Versions/A/Libraries/libGPUSupportMercury.dylib
0x000000000ac79000 	/System/Library/Frameworks/OpenGL.framework/Versions/A/Resources/GLRendererFloat.bundle/GLRendererFloat
0x000000012b94e000 	/Library/Java/JavaVirtualMachines/jdk1.8.0_65.jdk/Contents/Home/jre/lib/libfontmanager.dylib
0x000000012b9b5000 	/Library/Java/JavaVirtualMachines/jdk1.8.0_65.jdk/Contents/Home/jre/lib/libosxui.dylib
0x000000012c717000 	/Library/Java/JavaVirtualMachines/jdk1.8.0_65.jdk/Contents/Home/jre/lib/libnet.dylib
0x000000012c776000 	/Library/Java/JavaVirtualMachines/jdk1.8.0_65.jdk/Contents/Home/jre/lib/libnio.dylib
0x000000012c787000 	/private/var/folders/2c/1xd7j_293lq540jy20jzl8n00000gn/T/jogamp_0000/file_cache/jln7569264742437355215/jln8653498277431293072/libgluegen-rt.jnilib
0x000000012c78d000 	/private/var/folders/2c/1xd7j_293lq540jy20jzl8n00000gn/T/jogamp_0000/file_cache/jln7569264742437355215/jln8653498277431293072/libnativewindow_awt.jnilib
0x000000012c791000 	/Library/Java/JavaVirtualMachines/jdk1.8.0_65.jdk/Contents/Home/jre/lib/libjawt.dylib
0x000000012c994000 	/private/var/folders/2c/1xd7j_293lq540jy20jzl8n00000gn/T/jogamp_0000/file_cache/jln7569264742437355215/jln8653498277431293072/libnativewindow_macosx.jnilib
0x000000012cba2000 	/private/var/folders/2c/1xd7j_293lq540jy20jzl8n00000gn/T/jogamp_0000/file_cache/jln7569264742437355215/jln8653498277431293072/libjogl_desktop.jnilib
0x000000012d022000 	/Library/Java/JavaVirtualMachines/jdk1.8.0_65.jdk/Contents/Home/jre/lib/libosx.dylib
0x000000000ac79000 	/System/Library/Frameworks/ApplicationServices.framework/Versions/A/Frameworks/ATS.framework/Versions/A/Resources/libTrueTypeScaler.dylib
0x000000018c7ab000 	/System/Library/Extensions/AppleIntelHD5000GraphicsMTLDriver.bundle/Contents/MacOS/AppleIntelHD5000GraphicsMTLDriver

VM Arguments:
jvm_args: -Djava.library.path=/Users/Dylan/Documents/Cours/MT_MA1/Mobile robots/Differential wheeled robot project files-20160928/m454_project/mbsysCopy/mbsyspad_mac_os/lib 
java_command: <unknown>
java_class_path (initial): /Users/Dylan/Documents/Cours/MT_MA1/Mobile robots/Differential wheeled robot project files-20160928/m454_project/mbsysCopy/mbs_common/mbs_realtime/../../mbsyspad_mac_os/MBsysPad.jar
Launcher Type: generic

Environment Variables:
PATH=/usr/local/heroku/bin:/usr/local/lib:/usr/local/sbin:/Users/Dylan/avr32-tools-20150917/bin:/usr/local/heroku/bin:/usr/local/Cellar/ruby/2.1.1/bin:/Users/Dylan/local/bin:/Users/Dylan/pebble-dev/PebbleSDK-2.0-BETA7/bin:/Users/Dylan/pebble-dev/PebbleSDK-2.0-BETA7/bin:/usr/local/bin:/usr/local/sbin:/usr/bin:/bin:/usr/sbin:/sbin:/opt/X11/bin:/usr/texbin:/usr/local/scala-2.11.6/bi:/usr/local/scala-2.11.6/bin
SHELL=/bin/zsh
DISPLAY=/private/tmp/com.apple.launchd.25ERSjtF8L/org.macosforge.xquartz:0
DYLD_LIBRARY_PATH=/Library/Python/2.7/site-packages/PySide:

Signal Handlers:
SIGSEGV: [libjvm.dylib+0x5a6d31], sa_mask[0]=11111111011111110111111111111111, sa_flags=SA_ONSTACK|SA_RESTART|SA_SIGINFO
SIGBUS: [libjvm.dylib+0x5a6d31], sa_mask[0]=11111111011111110111111111111111, sa_flags=SA_RESTART|SA_SIGINFO
SIGFPE: [libjvm.dylib+0x480a40], sa_mask[0]=11111111011111110111111111111111, sa_flags=SA_RESTART|SA_SIGINFO
SIGPIPE: [libjvm.dylib+0x480a40], sa_mask[0]=11111111011111110111111111111111, sa_flags=SA_RESTART|SA_SIGINFO
SIGXFSZ: [libjvm.dylib+0x480a40], sa_mask[0]=11111111011111110111111111111111, sa_flags=SA_RESTART|SA_SIGINFO
SIGILL: [libjvm.dylib+0x480a40], sa_mask[0]=11111111011111110111111111111111, sa_flags=SA_RESTART|SA_SIGINFO
SIGUSR1: SIG_DFL, sa_mask[0]=00000000000000000000000000000000, sa_flags=SA_RESTART
SIGUSR2: [libjvm.dylib+0x48055e], sa_mask[0]=00000000000000000000000000000000, sa_flags=SA_RESTART|SA_SIGINFO
SIGHUP: [libjvm.dylib+0x47eb35], sa_mask[0]=11111111011111110111111111111111, sa_flags=SA_RESTART|SA_SIGINFO
SIGINT: [libjvm.dylib+0x47eb35], sa_mask[0]=11111111011111110111111111111111, sa_flags=SA_RESTART|SA_SIGINFO
SIGTERM: [libjvm.dylib+0x47eb35], sa_mask[0]=11111111011111110111111111111111, sa_flags=SA_RESTART|SA_SIGINFO
SIGQUIT: [libjvm.dylib+0x47eb35], sa_mask[0]=11111111011111110111111111111111, sa_flags=SA_RESTART|SA_SIGINFO


---------------  S Y S T E M  ---------------

OS:Bsduname:Darwin 15.5.0 Darwin Kernel Version 15.5.0: Tue Apr 19 18:36:36 PDT 2016; root:xnu-3248.50.21~8/RELEASE_X86_64 x86_64
rlimit: STACK 8192k, CORE 0k, NPROC 709, NOFILE 10240, AS infinity
load average:2.45 1.96 1.91

CPU:total 8 (4 cores per cpu, 2 threads per core) family 6 model 70 stepping 1, cmov, cx8, fxsr, mmx, sse, sse2, sse3, ssse3, sse4.1, sse4.2, popcnt, avx, avx2, aes, clmul, erms, rtm, lzcnt, ht, tsc, tscinvbit, bmi1, bmi2

Memory: 4k page, physical 16777216k(74764k free)

/proc/meminfo:


vm_info: Java HotSpot(TM) 64-Bit Server VM (25.65-b01) for bsd-amd64 JRE (1.8.0_65-b17), built on Oct  6 2015 15:36:46 by "java_re" with gcc 4.2.1 (Based on Apple Inc. build 5658) (LLVM build 2336.11.00)

time: Wed Sep 28 14:43:06 2016
elapsed time: 17 seconds (0d 0h 0m 17s)

