#
# A fatal error has been detected by the Java Runtime Environment:
#
#  SIGSEGV (0xb) at pc=0x00007fff8b1314dd, pid=53415, tid=515
#
# JRE version: Java(TM) SE Runtime Environment (8.0_65-b17) (build 1.8.0_65-b17)
# Java VM: Java HotSpot(TM) 64-Bit Server VM (25.65-b01 mixed mode bsd-amd64 compressed oops)
# Problematic frame:
# C  [libobjc.A.dylib+0x14dd]  objc_msgSend+0x1d
#
# Failed to write core dump. Core dumps have been disabled. To enable core dumping, try "ulimit -c unlimited" before starting Java again
#
# If you would like to submit a bug report, please visit:
#   http://bugreport.java.com/bugreport/crash.jsp
# The crash happened outside the Java Virtual Machine in native code.
# See problematic frame for where to report the bug.
#

---------------  T H R E A D  ---------------

Current thread (0x00007fa6c4206800):  JavaThread "AWT-AppKit" daemon [_thread_in_native, id=515, stack(0x00007fff5e2b1000,0x00007fff5eab1000)]

siginfo: si_signo: 11 (SIGSEGV), si_code: 1 (SEGV_MAPERR), si_addr: 0x0000000000000018

Registers:
RAX=0x00007fff8b131604, RBX=0x000000018c74b0e8, RCX=0x00007fa6c0e009f0, RDX=0x000000012879b560
RSP=0x00007fff5eaad468, RBP=0x00007fff5eaad520, RSI=0x00007fff99604cde, RDI=0x00007fa6c0e009f0
R8 =0x0000000000000000, R9 =0x00000000000008b0, R10=0x00007fff99604cde, R11=0x0000000000000000
R12=0x0000000000000000, R13=0x000000018c74b0e8, R14=0x00007fff5eaad5d0, R15=0x00007fa6c4206800
RIP=0x00007fff8b1314dd, EFLAGS=0x0000000000010246, ERR=0x0000000000000004
  TRAPNO=0x000000000000000e

Top of Stack: (sp=0x00007fff5eaad468)
0x00007fff5eaad468:   0000000128794770 00007fff5eaad4c0
0x00007fff5eaad478:   0000000000000003 00007fff5eaad4a0
0x00007fff5eaad488:   00000001019bd9a6 000000012879b500
0x00007fff5eaad498:   00007fa6c80676a0 00007fa6c0e009f0
0x00007fff5eaad4a8:   00007fa6c3107f90 00007fff7ee19130
0x00007fff5eaad4b8:   00007fa6c3107f90 00007fff7f20cd30
0x00007fff5eaad4c8:   00007fff7f20cd30 00007fa6c0e009f0
0x00007fff5eaad4d8:   000000018c74b0e8 00007fa6c4206800
0x00007fff5eaad4e8:   000000018c74b0e8 000000018c74b0e8
0x00007fff5eaad4f8:   000000018c74b0e8 00007fa6c80676a0
0x00007fff5eaad508:   00007fa6c0e009f0 00007fff5eaad5a8
0x00007fff5eaad518:   00007fa6c42069f8 00007fff5eaad598
0x00007fff5eaad528:   0000000106c15954 000000018c74b0e8
0x00007fff5eaad538:   00007fff5eaad5d0 00007fff5eaad598
0x00007fff5eaad548:   0000000106c156e7 0000000106c156a2
0x00007fff5eaad558:   00007fff5eaad558 000000018c74b0e8
0x00007fff5eaad568:   00007fff5eaad5d0 000000018c7517b8
0x00007fff5eaad578:   0000000000000000 000000018c74b0e8
0x00007fff5eaad588:   0000000000000000 00007fff5eaad5b8
0x00007fff5eaad598:   00007fff5eaad618 0000000106c07c4d
0x00007fff5eaad5a8:   0000000770f29588 0000000106c0f578
0x00007fff5eaad5b8:   00007fa6c80676a0 00007fff5eaad618
0x00007fff5eaad5c8:   00007fa6c0e009f0 0000000106c10d82
0x00007fff5eaad5d8:   00007fff5eaad5d8 000000018c74b2b2
0x00007fff5eaad5e8:   00007fff5eaad640 000000018c7517b8
0x00007fff5eaad5f8:   0000000000000000 000000018c74b2c0
0x00007fff5eaad608:   00007fff5eaad5b8 00007fff5eaad628
0x00007fff5eaad618:   00007fff5eaad688 0000000106c07c4d
0x00007fff5eaad628:   00007fa6c80676a0 00000007710e0ae8
0x00007fff5eaad638:   00007fa6c0e009f0 00000007710e0ae8
0x00007fff5eaad648:   00007fff5eaad648 000000018c7feaa6
0x00007fff5eaad658:   00007fff5eaad698 000000018c7feb58 

Instructions: (pc=0x00007fff8b1314dd)
0x00007fff8b1314bd:   44 00 00 48 85 ff 2e 74 62 40 f6 c7 01 2e 75 66
0x00007fff8b1314cd:   49 bb f8 ff ff ff ff 7f 00 00 4c 23 1f 49 89 f2
0x00007fff8b1314dd:   45 23 53 18 49 c1 e2 04 4d 03 53 10 49 3b 32 75
0x00007fff8b1314ed:   04 41 ff 62 08 49 83 3a 01 76 0d 49 83 c2 10 49 

Register to memory mapping:

RAX=0x00007fff8b131604: objc_msgSend_fixedup+0 in /usr/lib/libobjc.A.dylib at 0x00007fff8b130000
RBX={method} {0x000000018c74b0e8} 'UnsetJAWTRootSurfaceLayer0' '(JJ)V' in 'jogamp/nativewindow/jawt/macosx/MacOSXJAWTWindow'
RCX=0x00007fa6c0e009f0 is an unknown value
RDX=0x000000012879b560: OBJC_IVAR_$_MainRunnable.runnableObj+0x450 in /private/var/folders/2c/1xd7j_293lq540jy20jzl8n00000gn/T/jogamp_0000/file_cache/jln4240529232738039012/jln3662588353807765092/libnativewindow_macosx.jnilib at 0x0000000128790000
RSP=0x00007fff5eaad468 is pointing into the stack for thread: 0x00007fa6c4206800
RBP=0x00007fff5eaad520 is pointing into the stack for thread: 0x00007fa6c4206800
RSI=0x00007fff99604cde is an unknown value
RDI=0x00007fa6c0e009f0 is an unknown value
R8 =0x0000000000000000 is an unknown value
R9 =0x00000000000008b0 is an unknown value
R10=0x00007fff99604cde is an unknown value
R11=0x0000000000000000 is an unknown value
R12=0x0000000000000000 is an unknown value
R13={method} {0x000000018c74b0e8} 'UnsetJAWTRootSurfaceLayer0' '(JJ)V' in 'jogamp/nativewindow/jawt/macosx/MacOSXJAWTWindow'
R14=0x00007fff5eaad5d0 is pointing into the stack for thread: 0x00007fa6c4206800
R15=0x00007fa6c4206800 is a thread


Stack: [0x00007fff5e2b1000,0x00007fff5eab1000],  sp=0x00007fff5eaad468,  free space=8177k
Native frames: (J=compiled Java code, j=interpreted, Vv=VM code, C=native code)
C  [libobjc.A.dylib+0x14dd]  objc_msgSend+0x1d
j  jogamp.nativewindow.jawt.macosx.MacOSXJAWTWindow.UnsetJAWTRootSurfaceLayer0(JJ)V+0
j  jogamp.nativewindow.jawt.macosx.MacOSXJAWTWindow.access$200(JJ)V+2
j  jogamp.nativewindow.jawt.macosx.MacOSXJAWTWindow$1.run()V+38
J 2541 C1 com.jogamp.common.util.RunnableTask.run()V (345 bytes) @ 0x00000001071dfbf4 [0x00000001071dfa60+0x194]
v  ~StubRoutines::call_stub
V  [libjvm.dylib+0x2eab02]
V  [libjvm.dylib+0x321bab]
V  [libjvm.dylib+0x31437f]
C  [libnativewindow_macosx.jnilib+0x49fd]  Java_jogamp_nativewindow_jawt_macosx_MacOSXJAWTWindow_UnsetJAWTRootSurfaceLayer0+0x38d
C  [Foundation+0x76fde]  __NSThreadPerformPerform+0x117
C  [CoreFoundation+0xaa881]  __CFRUNLOOP_IS_CALLING_OUT_TO_A_SOURCE0_PERFORM_FUNCTION__+0x11
C  [CoreFoundation+0x89f37]  __CFRunLoopDoSources0+0x1a7
C  [CoreFoundation+0x894df]  __CFRunLoopRun+0x39f
C  [CoreFoundation+0x88ed8]  CFRunLoopRunSpecific+0x128
C  [HIToolbox+0x30935]  RunCurrentEventLoopInMode+0xeb
C  [HIToolbox+0x30677]  ReceiveNextEventCommon+0xb8
C  [HIToolbox+0x305af]  _BlockUntilNextEventMatchingListInModeWithFilter+0x47
C  [AppKit+0x48df6]  _DPSNextEvent+0x42b
C  [AppKit+0x48226]  -[NSApplication _nextEventMatchingEventMask:untilDate:inMode:dequeue:]+0x1c6
C  [libosxapp.dylib+0x23aa]  -[NSApplicationAWT nextEventMatchingMask:untilDate:inMode:dequeue:]+0x7c
C  [AppKit+0x3cd80]  -[NSApplication run]+0x2aa
C  [libosxapp.dylib+0x214d]  +[NSApplicationAWT runAWTLoopWithApp:]+0x9c
C  [libawt_lwawt.dylib+0x44517]  -[AWTStarter starter:]+0x389
C  [Foundation+0x76fde]  __NSThreadPerformPerform+0x117
C  [CoreFoundation+0xaa881]  __CFRUNLOOP_IS_CALLING_OUT_TO_A_SOURCE0_PERFORM_FUNCTION__+0x11
C  [CoreFoundation+0x89fbc]  __CFRunLoopDoSources0+0x22c
C  [CoreFoundation+0x894df]  __CFRunLoopRun+0x39f
C  [CoreFoundation+0x88ed8]  CFRunLoopRunSpecific+0x128
C  [CoreFoundation+0xca9b1]  CFRunLoopRun+0x61
C  [exe_projectRobotran+0x25859]  init_jni+0x1b9
C  [exe_projectRobotran+0x1e15d]  init_realtime_java+0x81d
C  [exe_projectRobotran+0x1d369]  init_simu_realtime+0x69
C  [exe_projectRobotran+0x1c7ad]  mbs_realtime_init+0x21d
C  [exe_projectRobotran+0xec09]  mbs_dirdyn_init+0x1e9
C  [exe_projectRobotran+0xea02]  mbs_run_dirdyn+0x12
C  [exe_projectRobotran+0x3d35]  main+0x2b5
C  [libdyld.dylib+0x35ad]  start+0x1
C  0x0000000000000001

Java frames: (J=compiled Java code, j=interpreted, Vv=VM code)
j  jogamp.nativewindow.jawt.macosx.MacOSXJAWTWindow.UnsetJAWTRootSurfaceLayer0(JJ)V+0
j  jogamp.nativewindow.jawt.macosx.MacOSXJAWTWindow.access$200(JJ)V+2
j  jogamp.nativewindow.jawt.macosx.MacOSXJAWTWindow$1.run()V+38
J 2541 C1 com.jogamp.common.util.RunnableTask.run()V (345 bytes) @ 0x00000001071dfbf4 [0x00000001071dfa60+0x194]
v  ~StubRoutines::call_stub

---------------  P R O C E S S  ---------------

Java Threads: ( => current thread )
  0x00007fa6c4818000 JavaThread "J3D-InputDeviceScheduler-1" [_thread_blocked, id=67095, stack(0x0000700002acc000,0x0000700002bcc000)]
  0x00007fa6c501a000 JavaThread "J3D-SoundSchedulerUpdateThread-1" [_thread_blocked, id=66567, stack(0x00007000029c9000,0x0000700002ac9000)]
  0x00007fa6c1007000 JavaThread "J3D-RenderStructureUpdateThread-1" [_thread_blocked, id=65795, stack(0x00007000028c6000,0x00007000029c6000)]
  0x00007fa6c4819000 JavaThread "J3D-BehaviorScheduler-1" [_thread_blocked, id=65027, stack(0x00007000027c3000,0x00007000028c3000)]
  0x00007fa6c2f4f000 JavaThread "J3D-TransformStructureUpdateThread-1" [_thread_blocked, id=64515, stack(0x00007000026c0000,0x00007000027c0000)]
  0x00007fa6c116e000 JavaThread "J3D-RenderingEnvironmentStructureUpdateThread-1" [_thread_blocked, id=64003, stack(0x00007000025bd000,0x00007000026bd000)]
  0x00007fa6c2f4e000 JavaThread "J3D-SoundStructureUpdateThread-1" [_thread_blocked, id=63491, stack(0x00007000024ba000,0x00007000025ba000)]
  0x00007fa6c47c0800 JavaThread "J3D-GeometryStructureUpdateThread-1" [_thread_blocked, id=63027, stack(0x00007000023b7000,0x00007000024b7000)]
  0x00007fa6c47bf800 JavaThread "J3D-BehaviorStructureUpdateThread-1" [_thread_blocked, id=61243, stack(0x00007000022b4000,0x00007000023b4000)]
  0x00007fa6c212b000 JavaThread "Timer-0" daemon [_thread_blocked, id=59139, stack(0x00007000020ae000,0x00007000021ae000)]
  0x00007fa6c2b6c800 JavaThread "J3D-Renderer-1" [_thread_blocked, id=58627, stack(0x0000700001fab000,0x00007000020ab000)]
  0x00007fa6c21c0000 JavaThread "J3D-MasterControl-1" [_thread_blocked, id=58115, stack(0x0000700001ea8000,0x0000700001fa8000)]
  0x00007fa6c11fd000 JavaThread "J3D-NotificationThread" [_thread_blocked, id=57603, stack(0x0000700001da5000,0x0000700001ea5000)]
  0x00007fa6c11fc800 JavaThread "J3D-TimerThread" [_thread_blocked, id=57095, stack(0x0000700001ca2000,0x0000700001da2000)]
  0x00007fa6c11fb800 JavaThread "J3D-RenderingAttributesStructureUpdateThread" [_thread_blocked, id=56591, stack(0x0000700001a9c000,0x0000700001b9c000)]
  0x00007fa6c11ed000 JavaThread "AWT-EventQueue-0" [_thread_blocked, id=55555, stack(0x0000700001b9f000,0x0000700001c9f000)]
  0x00007fa6c297f000 JavaThread "process reaper" daemon [_thread_blocked, id=54023, stack(0x0000700001a71000,0x0000700001a99000)]
  0x00007fa6c293a800 JavaThread "Java2D Disposer" daemon [_thread_blocked, id=43527, stack(0x000070000196e000,0x0000700001a6e000)]
  0x00007fa6c5005000 JavaThread "Java2D Queue Flusher" daemon [_thread_blocked, id=45843, stack(0x000070000165f000,0x000070000175f000)]
  0x00007fa6c2900000 JavaThread "AWT-Shutdown" [_thread_blocked, id=30227, stack(0x00007000014d9000,0x00007000015d9000)]
=>0x00007fa6c4206800 JavaThread "AWT-AppKit" daemon [_thread_in_native, id=515, stack(0x00007fff5e2b1000,0x00007fff5eab1000)]
  0x00007fa6c204f000 JavaThread "Service Thread" daemon [_thread_blocked, id=19203, stack(0x0000700001250000,0x0000700001350000)]
  0x00007fa6c2830800 JavaThread "C1 CompilerThread3" daemon [_thread_blocked, id=18691, stack(0x000070000114d000,0x000070000124d000)]
  0x00007fa6c4005000 JavaThread "C2 CompilerThread2" daemon [_thread_blocked, id=18179, stack(0x000070000104a000,0x000070000114a000)]
  0x00007fa6c2837000 JavaThread "C2 CompilerThread1" daemon [_thread_blocked, id=17667, stack(0x0000700000f47000,0x0000700001047000)]
  0x00007fa6c101c000 JavaThread "C2 CompilerThread0" daemon [_thread_blocked, id=17155, stack(0x0000700000e44000,0x0000700000f44000)]
  0x00007fa6c1031000 JavaThread "Signal Dispatcher" daemon [_thread_blocked, id=13839, stack(0x0000700000d41000,0x0000700000e41000)]
  0x00007fa6c200c800 JavaThread "Finalizer" daemon [_thread_blocked, id=12291, stack(0x0000700000b38000,0x0000700000c38000)]
  0x00007fa6c200c000 JavaThread "Reference Handler" daemon [_thread_blocked, id=11779, stack(0x0000700000a35000,0x0000700000b35000)]
  0x00007fa6c2802800 JavaThread "main" [_thread_in_native, id=2051, stack(0x0000700000001000,0x0000700000081000)]

Other Threads:
  0x00007fa6c285a800 VMThread [stack: 0x0000700000932000,0x0000700000a32000] [id=11267]
  0x00007fa6c205c000 WatcherThread [stack: 0x0000700001353000,0x0000700001453000] [id=19715]

VM state:not at safepoint (normal execution)

VM Mutex/Monitor currently owned by a thread: None

Heap:
 PSYoungGen      total 98816K, used 31617K [0x000000076ab00000, 0x0000000771900000, 0x00000007c0000000)
  eden space 88064K, 23% used [0x000000076ab00000,0x000000076bf62ff0,0x0000000770100000)
  from space 10752K, 99% used [0x0000000770e80000,0x00000007718fd730,0x0000000771900000)
  to   space 10752K, 0% used [0x0000000770400000,0x0000000770400000,0x0000000770e80000)
 ParOldGen       total 118272K, used 11832K [0x00000006c0000000, 0x00000006c7380000, 0x000000076ab00000)
  object space 118272K, 10% used [0x00000006c0000000,0x00000006c0b8e358,0x00000006c7380000)
 Metaspace       used 23829K, capacity 24072K, committed 24448K, reserved 1071104K
  class space    used 2547K, capacity 2642K, committed 2688K, reserved 1048576K

Card table byte_map: [0x0000000115fc0000,0x00000001167c1000] byte_map_base: 0x00000001129c0000

Marking Bits: (ParMarkBitMap*) 0x00000001020aae20
 Begin Bits: [0x0000000116d17000, 0x000000011ad17000)
 End Bits:   [0x000000011ad17000, 0x000000011ed17000)

Polling page: 0x00000001011d1000

CodeCache: size=245760Kb used=9936Kb max_used=10375Kb free=235823Kb
 bounds [0x0000000106c00000, 0x0000000107630000, 0x0000000115c00000]
 total_blobs=3311 nmethods=2423 adapters=801
 compilation: enabled

Compilation events (10 events):
Event: 20.799 Thread 0x00007fa6c2830800 2722       3       sun.java2d.pipe.Region::<init> (26 bytes)
Event: 20.800 Thread 0x00007fa6c2830800 nmethod 2722 0x0000000107151dd0 code [0x0000000107151f40, 0x00000001071520f0]
Event: 20.817 Thread 0x00007fa6c2837000 2723       4       java.util.concurrent.locks.ReentrantLock$Sync::tryRelease (45 bytes)
Event: 20.818 Thread 0x00007fa6c2837000 nmethod 2723 0x0000000106f2c050 code [0x0000000106f2c1a0, 0x0000000106f2c278]
Event: 20.838 Thread 0x00007fa6c101c000 2724   !   4       jogamp.common.util.locks.RecursiveLockImpl01Unfairish::validateLocked (147 bytes)
Event: 20.839 Thread 0x00007fa6c101c000 nmethod 2724 0x0000000106f2bad0 code [0x0000000106f2bc20, 0x0000000106f2bf18]
Event: 20.850 Thread 0x00007fa6c2830800 2725       1       java.awt.event.InputEvent::isConsumed (5 bytes)
Event: 20.850 Thread 0x00007fa6c2830800 nmethod 2725 0x0000000106f2b810 code [0x0000000106f2b960, 0x0000000106f2ba70]
Event: 21.262 Thread 0x00007fa6c4005000 2726   !   4       javax.swing.JComponent::getClientProperty (56 bytes)
Event: 21.266 Thread 0x00007fa6c4005000 nmethod 2726 0x0000000106fca1d0 code [0x0000000106fca340, 0x0000000106fca818]

GC Heap History (10 events):
Event: 1.324 GC heap before
{Heap before GC invocations=1 (full 0):
 PSYoungGen      total 76288K, used 65536K [0x000000076ab00000, 0x0000000770000000, 0x00000007c0000000)
  eden space 65536K, 100% used [0x000000076ab00000,0x000000076eb00000,0x000000076eb00000)
  from space 10752K, 0% used [0x000000076f580000,0x000000076f580000,0x0000000770000000)
  to   space 10752K, 0% used [0x000000076eb00000,0x000000076eb00000,0x000000076f580000)
 ParOldGen       total 175104K, used 0K [0x00000006c0000000, 0x00000006cab00000, 0x000000076ab00000)
  object space 175104K, 0% used [0x00000006c0000000,0x00000006c0000000,0x00000006cab00000)
 Metaspace       used 20301K, capacity 20538K, committed 20864K, reserved 1067008K
  class space    used 2287K, capacity 2375K, committed 2432K, reserved 1048576K
Event: 1.332 GC heap after
Heap after GC invocations=1 (full 0):
 PSYoungGen      total 76288K, used 9775K [0x000000076ab00000, 0x0000000770000000, 0x00000007c0000000)
  eden space 65536K, 0% used [0x000000076ab00000,0x000000076ab00000,0x000000076eb00000)
  from space 10752K, 90% used [0x000000076eb00000,0x000000076f48bf88,0x000000076f580000)
  to   space 10752K, 0% used [0x000000076f580000,0x000000076f580000,0x0000000770000000)
 ParOldGen       total 175104K, used 80K [0x00000006c0000000, 0x00000006cab00000, 0x000000076ab00000)
  object space 175104K, 0% used [0x00000006c0000000,0x00000006c0014010,0x00000006cab00000)
 Metaspace       used 20301K, capacity 20538K, committed 20864K, reserved 1067008K
  class space    used 2287K, capacity 2375K, committed 2432K, reserved 1048576K
}
Event: 2.103 GC heap before
{Heap before GC invocations=2 (full 0):
 PSYoungGen      total 76288K, used 64284K [0x000000076ab00000, 0x0000000770000000, 0x00000007c0000000)
  eden space 65536K, 83% used [0x000000076ab00000,0x000000076e03b440,0x000000076eb00000)
  from space 10752K, 90% used [0x000000076eb00000,0x000000076f48bf88,0x000000076f580000)
  to   space 10752K, 0% used [0x000000076f580000,0x000000076f580000,0x0000000770000000)
 ParOldGen       total 175104K, used 80K [0x00000006c0000000, 0x00000006cab00000, 0x000000076ab00000)
  object space 175104K, 0% used [0x00000006c0000000,0x00000006c0014010,0x00000006cab00000)
 Metaspace       used 20909K, capacity 21118K, committed 21296K, reserved 1069056K
  class space    used 2358K, capacity 2413K, committed 2432K, reserved 1048576K
Event: 2.109 GC heap after
Heap after GC invocations=2 (full 0):
 PSYoungGen      total 76288K, used 9796K [0x000000076ab00000, 0x0000000770000000, 0x00000007c0000000)
  eden space 65536K, 0% used [0x000000076ab00000,0x000000076ab00000,0x000000076eb00000)
  from space 10752K, 91% used [0x000000076f580000,0x000000076ff110e8,0x0000000770000000)
  to   space 10752K, 0% used [0x000000076eb00000,0x000000076eb00000,0x000000076f580000)
 ParOldGen       total 175104K, used 88K [0x00000006c0000000, 0x00000006cab00000, 0x000000076ab00000)
  object space 175104K, 0% used [0x00000006c0000000,0x00000006c0016010,0x00000006cab00000)
 Metaspace       used 20909K, capacity 21118K, committed 21296K, reserved 1069056K
  class space    used 2358K, capacity 2413K, committed 2432K, reserved 1048576K
}
Event: 2.109 GC heap before
{Heap before GC invocations=3 (full 1):
 PSYoungGen      total 76288K, used 9796K [0x000000076ab00000, 0x0000000770000000, 0x00000007c0000000)
  eden space 65536K, 0% used [0x000000076ab00000,0x000000076ab00000,0x000000076eb00000)
  from space 10752K, 91% used [0x000000076f580000,0x000000076ff110e8,0x0000000770000000)
  to   space 10752K, 0% used [0x000000076eb00000,0x000000076eb00000,0x000000076f580000)
 ParOldGen       total 175104K, used 88K [0x00000006c0000000, 0x00000006cab00000, 0x000000076ab00000)
  object space 175104K, 0% used [0x00000006c0000000,0x00000006c0016010,0x00000006cab00000)
 Metaspace       used 20909K, capacity 21118K, committed 21296K, reserved 1069056K
  class space    used 2358K, capacity 2413K, committed 2432K, reserved 1048576K
Event: 2.134 GC heap after
Heap after GC invocations=3 (full 1):
 PSYoungGen      total 76288K, used 0K [0x000000076ab00000, 0x0000000770000000, 0x00000007c0000000)
  eden space 65536K, 0% used [0x000000076ab00000,0x000000076ab00000,0x000000076eb00000)
  from space 10752K, 0% used [0x000000076f580000,0x000000076f580000,0x0000000770000000)
  to   space 10752K, 0% used [0x000000076eb00000,0x000000076eb00000,0x000000076f580000)
 ParOldGen       total 118272K, used 9656K [0x00000006c0000000, 0x00000006c7380000, 0x000000076ab00000)
  object space 118272K, 8% used [0x00000006c0000000,0x00000006c096e118,0x00000006c7380000)
 Metaspace       used 20909K, capacity 21118K, committed 21296K, reserved 1069056K
  class space    used 2358K, capacity 2413K, committed 2432K, reserved 1048576K
}
Event: 2.303 GC heap before
{Heap before GC invocations=4 (full 1):
 PSYoungGen      total 76288K, used 65536K [0x000000076ab00000, 0x0000000770000000, 0x00000007c0000000)
  eden space 65536K, 100% used [0x000000076ab00000,0x000000076eb00000,0x000000076eb00000)
  from space 10752K, 0% used [0x000000076f580000,0x000000076f580000,0x0000000770000000)
  to   space 10752K, 0% used [0x000000076eb00000,0x000000076eb00000,0x000000076f580000)
 ParOldGen       total 118272K, used 9656K [0x00000006c0000000, 0x00000006c7380000, 0x000000076ab00000)
  object space 118272K, 8% used [0x00000006c0000000,0x00000006c096e118,0x00000006c7380000)
 Metaspace       used 21352K, capacity 21564K, committed 21936K, reserved 1069056K
  class space    used 2382K, capacity 2448K, committed 2560K, reserved 1048576K
Event: 2.305 GC heap after
Heap after GC invocations=4 (full 1):
 PSYoungGen      total 76288K, used 5723K [0x000000076ab00000, 0x0000000771900000, 0x00000007c0000000)
  eden space 65536K, 0% used [0x000000076ab00000,0x000000076ab00000,0x000000076eb00000)
  from space 10752K, 53% used [0x000000076eb00000,0x000000076f096e70,0x000000076f580000)
  to   space 10752K, 0% used [0x0000000770e80000,0x0000000770e80000,0x0000000771900000)
 ParOldGen       total 118272K, used 9664K [0x00000006c0000000, 0x00000006c7380000, 0x000000076ab00000)
  object space 118272K, 8% used [0x00000006c0000000,0x00000006c0970118,0x00000006c7380000)
 Metaspace       used 21352K, capacity 21564K, committed 21936K, reserved 1069056K
  class space    used 2382K, capacity 2448K, committed 2560K, reserved 1048576K
}
Event: 5.679 GC heap before
{Heap before GC invocations=5 (full 1):
 PSYoungGen      total 76288K, used 71259K [0x000000076ab00000, 0x0000000771900000, 0x00000007c0000000)
  eden space 65536K, 100% used [0x000000076ab00000,0x000000076eb00000,0x000000076eb00000)
  from space 10752K, 53% used [0x000000076eb00000,0x000000076f096e70,0x000000076f580000)
  to   space 10752K, 0% used [0x0000000770e80000,0x0000000770e80000,0x0000000771900000)
 ParOldGen       total 118272K, used 9664K [0x00000006c0000000, 0x00000006c7380000, 0x000000076ab00000)
  object space 118272K, 8% used [0x00000006c0000000,0x00000006c0970118,0x00000006c7380000)
 Metaspace       used 23558K, capacity 23816K, committed 24192K, reserved 1071104K
  class space    used 2536K, capacity 2642K, committed 2688K, reserved 1048576K
Event: 5.687 GC heap after
Heap after GC invocations=5 (full 1):
 PSYoungGen      total 98816K, used 10741K [0x000000076ab00000, 0x0000000771900000, 0x00000007c0000000)
  eden space 88064K, 0% used [0x000000076ab00000,0x000000076ab00000,0x0000000770100000)
  from space 10752K, 99% used [0x0000000770e80000,0x00000007718fd730,0x0000000771900000)
  to   space 10752K, 0% used [0x0000000770400000,0x0000000770400000,0x0000000770e80000)
 ParOldGen       total 118272K, used 11832K [0x00000006c0000000, 0x00000006c7380000, 0x000000076ab00000)
  object space 118272K, 10% used [0x00000006c0000000,0x00000006c0b8e358,0x00000006c7380000)
 Metaspace       used 23558K, capacity 23816K, committed 24192K, reserved 1071104K
  class space    used 2536K, capacity 2642K, committed 2688K, reserved 1048576K
}

Deoptimization events (10 events):
Event: 5.078 Thread 0x00007fa6c2f4f000 Uncommon trap: reason=unstable_if action=reinterpret pc=0x00000001075ed3d4 method=javax.media.j3d.BoundingBox.transform(Ljavax/media/j3d/Transform3D;)V @ 1225
Event: 5.320 Thread 0x00007fa6c21c0000 Uncommon trap: reason=unstable_if action=reinterpret pc=0x00000001074c2664 method=javax.media.j3d.RenderAtom.updateLocaleVwcBounds()V @ 4
Event: 19.303 Thread 0x00007fa6c4819000 Uncommon trap: reason=predicate action=maybe_recompile pc=0x0000000106ff3478 method=javax.media.j3d.BehaviorStructure.handleAWTEvent()V @ 83
Event: 19.937 Thread 0x00007fa6c4819000 Uncommon trap: reason=unstable_if action=reinterpret pc=0x0000000106f9694c method=javax.media.j3d.BehaviorStructure.handleAWTEvent()V @ 127
Event: 21.254 Thread 0x00007fa6c21c0000 Uncommon trap: reason=unstable_if action=reinterpret pc=0x0000000106d2a554 method=javax.media.j3d.MasterControl.updateTimeValues()V @ 501
Event: 21.255 Thread 0x00007fa6c2b6c800 Uncommon trap: reason=range_check action=make_not_entrant pc=0x00000001075283bc method=javax.media.j3d.Renderer.doWork(J)V @ 58
Event: 21.259 Thread 0x00007fa6c2b6c800 Uncommon trap: reason=unstable_if action=reinterpret pc=0x00000001074cee04 method=javax.media.j3d.MasterControl.runMonitor(ILjavax/media/j3d/UnorderList;Ljavax/media/j3d/UnorderList;Ljavax/media/j3d/UnorderList;Ljavax/media/j3d/J3dThread;)V @ 1110
Event: 21.262 Thread 0x00007fa6c11ed000 Uncommon trap: reason=bimorphic action=maybe_recompile pc=0x00000001072ce67c method=javax.swing.ArrayTable.get(Ljava/lang/Object;)Ljava/lang/Object; @ 44
Event: 21.262 Thread 0x00007fa6c11ed000 Uncommon trap: reason=bimorphic action=maybe_recompile pc=0x00000001072ce67c method=javax.swing.ArrayTable.get(Ljava/lang/Object;)Ljava/lang/Object; @ 44
Event: 21.262 Thread 0x00007fa6c11ed000 Uncommon trap: reason=unstable_if action=reinterpret pc=0x00000001072f7794 method=java.awt.Component.firePropertyChange(Ljava/lang/String;Ljava/lang/Object;Ljava/lang/Object;)V @ 38

Internal exceptions (10 events):
Event: 2.226 Thread 0x00007fa6c2802800 Implicit null exception at 0x0000000107119101 to 0x000000010711c5b8
Event: 2.226 Thread 0x00007fa6c2802800 Exception <a 'java/lang/NullPointerException'> (0x000000076c847770) thrown at [/Users/java_re/workspace/8-2-build-macosx-x86_64/jdk8u65/4987/hotspot/src/share/vm/runtime/sharedRuntime.cpp, line 605]
Event: 2.227 Thread 0x00007fa6c2802800 Implicit null exception at 0x0000000107119101 to 0x000000010711c5b8
Event: 2.227 Thread 0x00007fa6c2802800 Exception <a 'java/lang/NullPointerException'> (0x000000076c84f408) thrown at [/Users/java_re/workspace/8-2-build-macosx-x86_64/jdk8u65/4987/hotspot/src/share/vm/runtime/sharedRuntime.cpp, line 605]
Event: 2.227 Thread 0x00007fa6c2802800 Implicit null exception at 0x0000000107119101 to 0x000000010711c5b8
Event: 2.227 Thread 0x00007fa6c2802800 Exception <a 'java/lang/NullPointerException'> (0x000000076c84f678) thrown at [/Users/java_re/workspace/8-2-build-macosx-x86_64/jdk8u65/4987/hotspot/src/share/vm/runtime/sharedRuntime.cpp, line 605]
Event: 2.229 Thread 0x00007fa6c2802800 Implicit null exception at 0x0000000107119101 to 0x000000010711c5b8
Event: 2.229 Thread 0x00007fa6c2802800 Exception <a 'java/lang/NullPointerException'> (0x000000076c857388) thrown at [/Users/java_re/workspace/8-2-build-macosx-x86_64/jdk8u65/4987/hotspot/src/share/vm/runtime/sharedRuntime.cpp, line 605]
Event: 2.229 Thread 0x00007fa6c2802800 Implicit null exception at 0x0000000107119101 to 0x000000010711c5b8
Event: 2.229 Thread 0x00007fa6c2802800 Exception <a 'java/lang/NullPointerException'> (0x000000076c8575f8) thrown at [/Users/java_re/workspace/8-2-build-macosx-x86_64/jdk8u65/4987/hotspot/src/share/vm/runtime/sharedRuntime.cpp, line 605]

Events (10 events):
Event: 21.262 loading class java/awt/LightweightDispatcher$2
Event: 21.262 loading class java/awt/LightweightDispatcher$2 done
Event: 21.262 loading class java/awt/event/AWTEventListenerProxy
Event: 21.262 loading class java/awt/event/AWTEventListenerProxy done
Event: 21.262 loading class java/awt/Toolkit$ToolkitEventMulticaster
Event: 21.262 loading class java/awt/Toolkit$ToolkitEventMulticaster done
Event: 21.263 loading class java/awt/SequencedEvent
Event: 21.263 loading class java/awt/SequencedEvent done
Event: 21.264 loading class jogamp/nativewindow/jawt/macosx/MacOSXJAWTWindow$3
Event: 21.264 loading class jogamp/nativewindow/jawt/macosx/MacOSXJAWTWindow$3 done


Dynamic libraries:
0x00000001011d2000 	/usr/local/lib/libxml2.2.dylib
0x000000010137a000 	/usr/local/lib/libgsl.19.dylib
0x000000010166c000 	/usr/local/lib/libgslcblas.0.dylib
0x00000001016bf000 	/Library/Frameworks/SDL2.framework/Versions/A/SDL2
0x000000000ac79000 	/System/Library/Frameworks/Cocoa.framework/Versions/A/Cocoa
0x00000001017bb000 	/Library/Frameworks/SDL2_ttf.framework/Versions/A/SDL2_ttf
0x00000001017cc000 	/Library/Java/JavaVirtualMachines/jdk1.8.0_65.jdk/Contents/Home/jre/lib/server/libjvm.dylib
0x000000000ac79000 	/System/Library/Frameworks/CoreFoundation.framework/Versions/A/CoreFoundation
0x000000000ac79000 	/usr/lib/libSystem.B.dylib
0x000000000ac79000 	/usr/lib/libc++.1.dylib
0x000000000ac79000 	/usr/lib/libz.1.dylib
0x0000000102758000 	/usr/local/opt/xz/lib/liblzma.5.dylib
0x000000000ac79000 	/usr/lib/libiconv.2.dylib
0x000000000ac79000 	/usr/lib/system/libcache.dylib
0x000000000ac79000 	/usr/lib/system/libcommonCrypto.dylib
0x000000000ac79000 	/usr/lib/system/libcompiler_rt.dylib
0x000000000ac79000 	/usr/lib/system/libcopyfile.dylib
0x000000000ac79000 	/usr/lib/system/libcorecrypto.dylib
0x000000000ac79000 	/usr/lib/system/libdispatch.dylib
0x000000000ac79000 	/usr/lib/system/libdyld.dylib
0x000000000ac79000 	/usr/lib/system/libkeymgr.dylib
0x000000000ac79000 	/usr/lib/system/liblaunch.dylib
0x000000000ac79000 	/usr/lib/system/libmacho.dylib
0x000000000ac79000 	/usr/lib/system/libquarantine.dylib
0x000000000ac79000 	/usr/lib/system/libremovefile.dylib
0x000000000ac79000 	/usr/lib/system/libsystem_asl.dylib
0x000000000ac79000 	/usr/lib/system/libsystem_blocks.dylib
0x000000000ac79000 	/usr/lib/system/libsystem_c.dylib
0x000000000ac79000 	/usr/lib/system/libsystem_configuration.dylib
0x000000000ac79000 	/usr/lib/system/libsystem_coreservices.dylib
0x000000000ac79000 	/usr/lib/system/libsystem_coretls.dylib
0x000000000ac79000 	/usr/lib/system/libsystem_dnssd.dylib
0x000000000ac79000 	/usr/lib/system/libsystem_info.dylib
0x000000000ac79000 	/usr/lib/system/libsystem_kernel.dylib
0x000000000ac79000 	/usr/lib/system/libsystem_m.dylib
0x000000000ac79000 	/usr/lib/system/libsystem_malloc.dylib
0x000000000ac79000 	/usr/lib/system/libsystem_network.dylib
0x000000000ac79000 	/usr/lib/system/libsystem_networkextension.dylib
0x000000000ac79000 	/usr/lib/system/libsystem_notify.dylib
0x000000000ac79000 	/usr/lib/system/libsystem_platform.dylib
0x000000000ac79000 	/usr/lib/system/libsystem_pthread.dylib
0x000000000ac79000 	/usr/lib/system/libsystem_sandbox.dylib
0x000000000ac79000 	/usr/lib/system/libsystem_secinit.dylib
0x000000000ac79000 	/usr/lib/system/libsystem_trace.dylib
0x000000000ac79000 	/usr/lib/system/libunc.dylib
0x000000000ac79000 	/usr/lib/system/libunwind.dylib
0x000000000ac79000 	/usr/lib/system/libxpc.dylib
0x000000000ac79000 	/usr/lib/libobjc.A.dylib
0x000000000ac79000 	/usr/lib/libauto.dylib
0x000000000ac79000 	/usr/lib/libc++abi.dylib
0x000000000ac79000 	/usr/lib/libDiagnosticMessagesClient.dylib
0x000000000ac79000 	/System/Library/Frameworks/CoreVideo.framework/Versions/A/CoreVideo
0x000000000ac79000 	/System/Library/Frameworks/AudioToolbox.framework/Versions/A/AudioToolbox
0x000000000ac79000 	/System/Library/Frameworks/AudioUnit.framework/Versions/A/AudioUnit
0x000000000ac79000 	/System/Library/Frameworks/CoreAudio.framework/Versions/A/CoreAudio
0x000000000ac79000 	/System/Library/Frameworks/IOKit.framework/Versions/A/IOKit
0x000000000ac79000 	/System/Library/Frameworks/Carbon.framework/Versions/A/Carbon
0x000000010277b000 	/System/Library/Frameworks/ForceFeedback.framework/Versions/A/ForceFeedback
0x000000000ac79000 	/System/Library/Frameworks/AppKit.framework/Versions/C/AppKit
0x000000000ac79000 	/System/Library/Frameworks/ApplicationServices.framework/Versions/A/ApplicationServices
0x000000000ac79000 	/System/Library/Frameworks/CoreServices.framework/Versions/A/CoreServices
0x000000000ac79000 	/System/Library/Frameworks/Foundation.framework/Versions/C/Foundation
0x000000000ac79000 	/System/Library/Frameworks/OpenGL.framework/Versions/A/OpenGL
0x000000000ac79000 	/System/Library/Frameworks/IOSurface.framework/Versions/A/IOSurface
0x000000000ac79000 	/System/Library/Frameworks/CoreGraphics.framework/Versions/A/CoreGraphics
0x000000000ac79000 	/usr/lib/libenergytrace.dylib
0x000000000ac79000 	/usr/lib/libbsm.0.dylib
0x000000000ac79000 	/usr/lib/system/libkxld.dylib
0x000000000ac79000 	/usr/lib/libicucore.A.dylib
0x000000000ac79000 	/System/Library/Frameworks/CoreText.framework/Versions/A/CoreText
0x000000000ac79000 	/System/Library/Frameworks/ImageIO.framework/Versions/A/ImageIO
0x000000000ac79000 	/System/Library/Frameworks/ApplicationServices.framework/Versions/A/Frameworks/ATS.framework/Versions/A/ATS
0x000000000ac79000 	/System/Library/Frameworks/ApplicationServices.framework/Versions/A/Frameworks/ColorSync.framework/Versions/A/ColorSync
0x000000000ac79000 	/System/Library/Frameworks/ApplicationServices.framework/Versions/A/Frameworks/HIServices.framework/Versions/A/HIServices
0x000000000ac79000 	/System/Library/Frameworks/ApplicationServices.framework/Versions/A/Frameworks/LangAnalysis.framework/Versions/A/LangAnalysis
0x000000000ac79000 	/System/Library/Frameworks/ApplicationServices.framework/Versions/A/Frameworks/PrintCore.framework/Versions/A/PrintCore
0x000000000ac79000 	/System/Library/Frameworks/ApplicationServices.framework/Versions/A/Frameworks/QD.framework/Versions/A/QD
0x000000000ac79000 	/System/Library/Frameworks/ApplicationServices.framework/Versions/A/Frameworks/SpeechSynthesis.framework/Versions/A/SpeechSynthesis
0x000000000ac79000 	/System/Library/Frameworks/CFNetwork.framework/Versions/A/CFNetwork
0x000000000ac79000 	/System/Library/Frameworks/Security.framework/Versions/A/Security
0x000000000ac79000 	/System/Library/Frameworks/Accelerate.framework/Versions/A/Accelerate
0x000000000ac79000 	/System/Library/Frameworks/SystemConfiguration.framework/Versions/A/SystemConfiguration
0x000000000ac79000 	/System/Library/PrivateFrameworks/MultitouchSupport.framework/Versions/A/MultitouchSupport
0x000000000ac79000 	/System/Library/Frameworks/Metal.framework/Versions/A/Metal
0x000000000ac79000 	/usr/lib/libsqlite3.dylib
0x000000000ac79000 	/usr/lib/libxml2.2.dylib
0x000000000ac79000 	/usr/lib/libxar.1.dylib
0x000000000ac79000 	/usr/lib/libpam.2.dylib
0x000000000ac79000 	/usr/lib/libOpenScriptingUtil.dylib
0x000000000ac79000 	/usr/lib/libbz2.1.0.dylib
0x000000000ac79000 	/System/Library/Frameworks/CoreServices.framework/Versions/A/Frameworks/FSEvents.framework/Versions/A/FSEvents
0x000000000ac79000 	/System/Library/Frameworks/CoreServices.framework/Versions/A/Frameworks/CarbonCore.framework/Versions/A/CarbonCore
0x000000000ac79000 	/System/Library/Frameworks/CoreServices.framework/Versions/A/Frameworks/Metadata.framework/Versions/A/Metadata
0x000000000ac79000 	/System/Library/Frameworks/CoreServices.framework/Versions/A/Frameworks/OSServices.framework/Versions/A/OSServices
0x000000000ac79000 	/System/Library/Frameworks/CoreServices.framework/Versions/A/Frameworks/SearchKit.framework/Versions/A/SearchKit
0x000000000ac79000 	/System/Library/Frameworks/CoreServices.framework/Versions/A/Frameworks/AE.framework/Versions/A/AE
0x000000000ac79000 	/System/Library/Frameworks/CoreServices.framework/Versions/A/Frameworks/LaunchServices.framework/Versions/A/LaunchServices
0x000000000ac79000 	/System/Library/Frameworks/CoreServices.framework/Versions/A/Frameworks/DictionaryServices.framework/Versions/A/DictionaryServices
0x000000000ac79000 	/System/Library/Frameworks/CoreServices.framework/Versions/A/Frameworks/SharedFileList.framework/Versions/A/SharedFileList
0x000000000ac79000 	/System/Library/Frameworks/DiskArbitration.framework/Versions/A/DiskArbitration
0x000000000ac79000 	/System/Library/Frameworks/NetFS.framework/Versions/A/NetFS
0x000000000ac79000 	/System/Library/PrivateFrameworks/NetAuth.framework/Versions/A/NetAuth
0x000000000ac79000 	/System/Library/PrivateFrameworks/login.framework/Versions/A/Frameworks/loginsupport.framework/Versions/A/loginsupport
0x000000000ac79000 	/System/Library/PrivateFrameworks/TCC.framework/Versions/A/TCC
0x000000000ac79000 	/usr/lib/libmecabra.dylib
0x000000000ac79000 	/System/Library/PrivateFrameworks/LanguageModeling.framework/Versions/A/LanguageModeling
0x000000000ac79000 	/usr/lib/libmarisa.dylib
0x000000000ac79000 	/usr/lib/libChineseTokenizer.dylib
0x000000000ac79000 	/usr/lib/libcmph.dylib
0x000000000ac79000 	/System/Library/Frameworks/CoreData.framework/Versions/A/CoreData
0x000000000ac79000 	/usr/lib/libCRFSuite.dylib
0x000000000ac79000 	/usr/lib/libextension.dylib
0x000000000ac79000 	/usr/lib/libarchive.2.dylib
0x000000000ac79000 	/usr/lib/liblangid.dylib
0x000000000ac79000 	/usr/lib/liblzma.5.dylib
0x000000000ac79000 	/usr/lib/libcompression.dylib
0x000000000ac79000 	/System/Library/Frameworks/OpenDirectory.framework/Versions/A/Frameworks/CFOpenDirectory.framework/Versions/A/CFOpenDirectory
0x000000000ac79000 	/System/Library/Frameworks/ServiceManagement.framework/Versions/A/ServiceManagement
0x000000000ac79000 	/usr/lib/libxslt.1.dylib
0x000000000ac79000 	/System/Library/Frameworks/Accelerate.framework/Versions/A/Frameworks/vImage.framework/Versions/A/vImage
0x000000000ac79000 	/System/Library/Frameworks/Accelerate.framework/Versions/A/Frameworks/vecLib.framework/Versions/A/vecLib
0x000000000ac79000 	/System/Library/Frameworks/Accelerate.framework/Versions/A/Frameworks/vecLib.framework/Versions/A/libvDSP.dylib
0x000000000ac79000 	/System/Library/Frameworks/Accelerate.framework/Versions/A/Frameworks/vecLib.framework/Versions/A/libvMisc.dylib
0x000000000ac79000 	/System/Library/Frameworks/Accelerate.framework/Versions/A/Frameworks/vecLib.framework/Versions/A/libLAPACK.dylib
0x000000000ac79000 	/System/Library/Frameworks/Accelerate.framework/Versions/A/Frameworks/vecLib.framework/Versions/A/libBLAS.dylib
0x000000000ac79000 	/System/Library/Frameworks/Accelerate.framework/Versions/A/Frameworks/vecLib.framework/Versions/A/libLinearAlgebra.dylib
0x000000000ac79000 	/System/Library/Frameworks/Accelerate.framework/Versions/A/Frameworks/vecLib.framework/Versions/A/libSparseBLAS.dylib
0x000000000ac79000 	/System/Library/PrivateFrameworks/GPUCompiler.framework/libmetal_timestamp.dylib
0x000000000ac79000 	/System/Library/Frameworks/OpenGL.framework/Versions/A/Libraries/libCoreFSCache.dylib
0x000000000ac79000 	/System/Library/PrivateFrameworks/IOAccelerator.framework/Versions/A/IOAccelerator
0x000000000ac79000 	/System/Library/Frameworks/ApplicationServices.framework/Versions/A/Frameworks/ATS.framework/Versions/A/Resources/libFontParser.dylib
0x000000000ac79000 	/System/Library/Frameworks/ApplicationServices.framework/Versions/A/Frameworks/ATS.framework/Versions/A/Resources/libFontRegistry.dylib
0x000000000ac79000 	/System/Library/PrivateFrameworks/AppleVPA.framework/Versions/A/AppleVPA
0x000000000ac79000 	/System/Library/PrivateFrameworks/AppleJPEG.framework/Versions/A/AppleJPEG
0x000000000ac79000 	/System/Library/Frameworks/ImageIO.framework/Versions/A/Resources/libJPEG.dylib
0x000000000ac79000 	/System/Library/Frameworks/ImageIO.framework/Versions/A/Resources/libTIFF.dylib
0x000000000ac79000 	/System/Library/Frameworks/ImageIO.framework/Versions/A/Resources/libPng.dylib
0x000000000ac79000 	/System/Library/Frameworks/ImageIO.framework/Versions/A/Resources/libGIF.dylib
0x000000000ac79000 	/System/Library/Frameworks/ImageIO.framework/Versions/A/Resources/libJP2.dylib
0x000000000ac79000 	/System/Library/Frameworks/ImageIO.framework/Versions/A/Resources/libRadiance.dylib
0x000000000ac79000 	/System/Library/Frameworks/OpenGL.framework/Versions/A/Libraries/libGLU.dylib
0x000000000ac79000 	/System/Library/Frameworks/OpenGL.framework/Versions/A/Libraries/libGFXShared.dylib
0x000000000ac79000 	/System/Library/Frameworks/OpenGL.framework/Versions/A/Libraries/libGL.dylib
0x000000000ac79000 	/System/Library/Frameworks/OpenGL.framework/Versions/A/Libraries/libGLImage.dylib
0x000000000ac79000 	/System/Library/Frameworks/OpenGL.framework/Versions/A/Libraries/libCVMSPluginSupport.dylib
0x000000000ac79000 	/System/Library/Frameworks/OpenGL.framework/Versions/A/Libraries/libCoreVMClient.dylib
0x000000000ac79000 	/usr/lib/libcups.2.dylib
0x000000000ac79000 	/System/Library/Frameworks/Kerberos.framework/Versions/A/Kerberos
0x000000000ac79000 	/System/Library/Frameworks/GSS.framework/Versions/A/GSS
0x000000000ac79000 	/usr/lib/libresolv.9.dylib
0x000000000ac79000 	/System/Library/PrivateFrameworks/Heimdal.framework/Versions/A/Heimdal
0x000000000ac79000 	/usr/lib/libheimdal-asn1.dylib
0x000000000ac79000 	/System/Library/Frameworks/OpenDirectory.framework/Versions/A/OpenDirectory
0x000000000ac79000 	/System/Library/PrivateFrameworks/CommonAuth.framework/Versions/A/CommonAuth
0x000000000ac79000 	/System/Library/Frameworks/SecurityFoundation.framework/Versions/A/SecurityFoundation
0x000000000ac79000 	/System/Library/PrivateFrameworks/RemoteViewServices.framework/Versions/A/RemoteViewServices
0x000000000ac79000 	/System/Library/PrivateFrameworks/UIFoundation.framework/Versions/A/UIFoundation
0x000000000ac79000 	/usr/lib/libScreenReader.dylib
0x000000000ac79000 	/System/Library/PrivateFrameworks/DataDetectorsCore.framework/Versions/A/DataDetectorsCore
0x000000000ac79000 	/System/Library/PrivateFrameworks/DesktopServicesPriv.framework/Versions/A/DesktopServicesPriv
0x000000000ac79000 	/System/Library/Frameworks/Carbon.framework/Versions/A/Frameworks/HIToolbox.framework/Versions/A/HIToolbox
0x000000000ac79000 	/System/Library/Frameworks/QuartzCore.framework/Versions/A/QuartzCore
0x000000000ac79000 	/System/Library/Frameworks/Carbon.framework/Versions/A/Frameworks/SpeechRecognition.framework/Versions/A/SpeechRecognition
0x000000000ac79000 	/System/Library/PrivateFrameworks/CoreUI.framework/Versions/A/CoreUI
0x000000000ac79000 	/System/Library/PrivateFrameworks/PerformanceAnalysis.framework/Versions/A/PerformanceAnalysis
0x000000000ac79000 	/System/Library/PrivateFrameworks/GenerationalStorage.framework/Versions/A/GenerationalStorage
0x000000000ac79000 	/System/Library/PrivateFrameworks/Sharing.framework/Versions/A/Sharing
0x000000000ac79000 	/System/Library/Frameworks/CoreImage.framework/Versions/A/CoreImage
0x000000000ac79000 	/System/Library/PrivateFrameworks/Backup.framework/Versions/A/Backup
0x000000000ac79000 	/System/Library/Frameworks/Carbon.framework/Versions/A/Frameworks/Ink.framework/Versions/A/Ink
0x000000000ac79000 	/usr/lib/libFosl_dynamic.dylib
0x000000000ac79000 	/System/Library/PrivateFrameworks/FaceCore.framework/Versions/A/FaceCore
0x000000000ac79000 	/System/Library/Frameworks/OpenCL.framework/Versions/A/OpenCL
0x000000000ac79000 	/System/Library/PrivateFrameworks/CrashReporterSupport.framework/Versions/A/CrashReporterSupport
0x000000000ac79000 	/System/Library/PrivateFrameworks/IconServices.framework/Versions/A/IconServices
0x000000000ac79000 	/System/Library/PrivateFrameworks/Apple80211.framework/Versions/A/Apple80211
0x000000000ac79000 	/System/Library/Frameworks/CoreWLAN.framework/Versions/A/CoreWLAN
0x000000000ac79000 	/System/Library/Frameworks/IOBluetooth.framework/Versions/A/IOBluetooth
0x000000000ac79000 	/System/Library/PrivateFrameworks/CoreWiFi.framework/Versions/A/CoreWiFi
0x000000000ac79000 	/System/Library/Frameworks/CoreBluetooth.framework/Versions/A/CoreBluetooth
0x000000000ac79000 	/System/Library/PrivateFrameworks/ChunkingLibrary.framework/Versions/A/ChunkingLibrary
0x000000000ac79000 	/System/Library/PrivateFrameworks/DebugSymbols.framework/Versions/A/DebugSymbols
0x000000000ac79000 	/System/Library/PrivateFrameworks/CoreSymbolication.framework/Versions/A/CoreSymbolication
0x000000000ac79000 	/System/Library/PrivateFrameworks/Symbolication.framework/Versions/A/Symbolication
0x000000000ac79000 	/System/Library/PrivateFrameworks/SpeechRecognitionCore.framework/Versions/A/SpeechRecognitionCore
0x000000000ac79000 	/System/Library/Frameworks/Carbon.framework/Versions/A/Frameworks/CommonPanels.framework/Versions/A/CommonPanels
0x000000000ac79000 	/System/Library/Frameworks/Carbon.framework/Versions/A/Frameworks/Help.framework/Versions/A/Help
0x000000000ac79000 	/System/Library/Frameworks/Carbon.framework/Versions/A/Frameworks/ImageCapture.framework/Versions/A/ImageCapture
0x000000000ac79000 	/System/Library/Frameworks/Carbon.framework/Versions/A/Frameworks/OpenScripting.framework/Versions/A/OpenScripting
0x000000000ac79000 	/System/Library/Frameworks/Carbon.framework/Versions/A/Frameworks/Print.framework/Versions/A/Print
0x000000000ac79000 	/System/Library/Frameworks/Carbon.framework/Versions/A/Frameworks/SecurityHI.framework/Versions/A/SecurityHI
0x0000000102788000 	/Library/Frameworks/SDL2_ttf.framework/Versions/A/Frameworks/FreeType.framework/Versions/A/FreeType
0x000000000ac79000 	/usr/lib/libstdc++.6.dylib
0x0000000102853000 	/Library/Java/JavaVirtualMachines/jdk1.8.0_65.jdk/Contents/Home/jre/lib/libverify.dylib
0x0000000102861000 	/Library/Java/JavaVirtualMachines/jdk1.8.0_65.jdk/Contents/Home/jre/lib/libjava.dylib
0x000000010289e000 	/Library/Java/JavaVirtualMachines/jdk1.8.0_65.jdk/Contents/Home/jre/lib/libzip.dylib
0x0000000121a3b000 	/System/Library/Frameworks/JavaVM.framework/Frameworks/JavaRuntimeSupport.framework/JavaRuntimeSupport
0x0000000121a56000 	/System/Library/Frameworks/JavaVM.framework/Versions/A/Frameworks/JavaNativeFoundation.framework/Versions/A/JavaNativeFoundation
0x0000000102a41000 	/System/Library/Frameworks/JavaVM.framework/Versions/A/JavaVM
0x0000000121a6b000 	/System/Library/PrivateFrameworks/JavaLaunching.framework/Versions/A/JavaLaunching
0x00000001233cb000 	/Library/Java/JavaVirtualMachines/jdk1.8.0_65.jdk/Contents/Home/jre/lib/libawt.dylib
0x0000000123473000 	/Library/Java/JavaVirtualMachines/jdk1.8.0_65.jdk/Contents/Home/jre/lib/./libmlib_image.dylib
0x000000012353f000 	/Library/Java/JavaVirtualMachines/jdk1.8.0_65.jdk/Contents/Home/jre/lib/libawt_lwawt.dylib
0x00000001235f4000 	/Library/Java/JavaVirtualMachines/jdk1.8.0_65.jdk/Contents/Home/jre/lib/./libosxapp.dylib
0x000000000ac79000 	/System/Library/Frameworks/ExceptionHandling.framework/Versions/A/ExceptionHandling
0x000000000ac79000 	/System/Library/PrivateFrameworks/CoreServicesInternal.framework/Versions/A/CoreServicesInternal
0x000000000ac79000 	/System/Library/Frameworks/CoreGraphics.framework/Versions/A/Resources/libRIP.A.dylib
0x000000000ac79000 	/System/Library/Frameworks/Accelerate.framework/Versions/A/Frameworks/vImage.framework/Versions/A/Libraries/libCGInterfaces.dylib
0x000000000ac79000 	/System/Library/Frameworks/CoreGraphics.framework/Versions/A/Resources/libCGXType.A.dylib
0x000000000ac79000 	/System/Library/Frameworks/OpenCL.framework/Versions/A/Libraries/libcldcpuengine.dylib
0x000000000ac79000 	/System/Library/PrivateFrameworks/DiskImages.framework/Versions/A/DiskImages
0x000000000ac79000 	/System/Library/Frameworks/DiscRecording.framework/Versions/A/DiscRecording
0x000000000ac79000 	/usr/lib/libcsfde.dylib
0x000000000ac79000 	/usr/lib/libcurl.4.dylib
0x000000000ac79000 	/System/Library/PrivateFrameworks/MediaKit.framework/Versions/A/MediaKit
0x000000000ac79000 	/System/Library/PrivateFrameworks/ProtectedCloudStorage.framework/Versions/A/ProtectedCloudStorage
0x000000000ac79000 	/usr/lib/libCoreStorage.dylib
0x000000000ac79000 	/System/Library/PrivateFrameworks/EFILogin.framework/Versions/A/EFILogin
0x000000000ac79000 	/usr/lib/libutil.dylib
0x000000000ac79000 	/System/Library/PrivateFrameworks/FindMyDevice.framework/Versions/A/FindMyDevice
0x000000000ac79000 	/System/Library/Frameworks/LDAP.framework/Versions/A/LDAP
0x000000000ac79000 	/usr/lib/libsasl2.2.dylib
0x000000000ac79000 	/System/Library/PrivateFrameworks/CoreDaemon.framework/Versions/B/CoreDaemon
0x000000000ac79000 	/usr/lib/libcrypto.0.9.8.dylib
0x000000000ac79000 	/System/Library/PrivateFrameworks/AppleSRP.framework/Versions/A/AppleSRP
0x000000000ac79000 	/System/Library/PrivateFrameworks/TrustEvaluationAgent.framework/Versions/A/TrustEvaluationAgent
0x000000012669a000 	cl_kernels
0x000000000ac79000 	/System/Library/Frameworks/OpenCL.framework/Versions/A/Libraries/ImageFormats/unorm8_bgra.dylib
0x000000000ac79000 	/System/Library/Frameworks/OpenCL.framework/Versions/A/Libraries/ImageFormats/unorm8_rgba.dylib
0x000000000ac79000 	/System/Library/Frameworks/OpenGL.framework/Versions/A/Resources/GLEngine.bundle/GLEngine
0x000000000ac79000 	/System/Library/Frameworks/OpenGL.framework/Versions/A/Libraries/libGLProgrammability.dylib
0x0000000126741000 	/System/Library/Extensions/AppleIntelHD5000GraphicsGLDriver.bundle/Contents/MacOS/AppleIntelHD5000GraphicsGLDriver
0x000000000ac79000 	/System/Library/PrivateFrameworks/GPUSupport.framework/Versions/A/Libraries/libGPUSupportMercury.dylib
0x000000000ac79000 	/System/Library/Frameworks/OpenGL.framework/Versions/A/Resources/GLRendererFloat.bundle/GLRendererFloat
0x000000012774a000 	/Library/Java/JavaVirtualMachines/jdk1.8.0_65.jdk/Contents/Home/jre/lib/libfontmanager.dylib
0x00000001277b1000 	/Library/Java/JavaVirtualMachines/jdk1.8.0_65.jdk/Contents/Home/jre/lib/libosxui.dylib
0x0000000128513000 	/Library/Java/JavaVirtualMachines/jdk1.8.0_65.jdk/Contents/Home/jre/lib/libnet.dylib
0x0000000128572000 	/Library/Java/JavaVirtualMachines/jdk1.8.0_65.jdk/Contents/Home/jre/lib/libnio.dylib
0x0000000128583000 	/private/var/folders/2c/1xd7j_293lq540jy20jzl8n00000gn/T/jogamp_0000/file_cache/jln4240529232738039012/jln3662588353807765092/libgluegen-rt.jnilib
0x0000000128589000 	/private/var/folders/2c/1xd7j_293lq540jy20jzl8n00000gn/T/jogamp_0000/file_cache/jln4240529232738039012/jln3662588353807765092/libnativewindow_awt.jnilib
0x000000012858d000 	/Library/Java/JavaVirtualMachines/jdk1.8.0_65.jdk/Contents/Home/jre/lib/libjawt.dylib
0x0000000128790000 	/private/var/folders/2c/1xd7j_293lq540jy20jzl8n00000gn/T/jogamp_0000/file_cache/jln4240529232738039012/jln3662588353807765092/libnativewindow_macosx.jnilib
0x000000012899e000 	/private/var/folders/2c/1xd7j_293lq540jy20jzl8n00000gn/T/jogamp_0000/file_cache/jln4240529232738039012/jln3662588353807765092/libjogl_desktop.jnilib
0x0000000128e28000 	/Library/Java/JavaVirtualMachines/jdk1.8.0_65.jdk/Contents/Home/jre/lib/libosx.dylib
0x000000000ac79000 	/System/Library/Frameworks/ApplicationServices.framework/Versions/A/Frameworks/ATS.framework/Versions/A/Resources/libTrueTypeScaler.dylib
0x0000000188443000 	/System/Library/Extensions/AppleIntelHD5000GraphicsMTLDriver.bundle/Contents/MacOS/AppleIntelHD5000GraphicsMTLDriver

VM Arguments:
jvm_args: -Djava.library.path=/Users/Dylan/Documents/Cours/MT_MA1/Mobile robots/Differential wheeled robot project files-20160928/m454_project/mbsysCopy/mbsyspad_mac_os/lib 
java_command: <unknown>
java_class_path (initial): /Users/Dylan/Documents/Cours/MT_MA1/Mobile robots/Differential wheeled robot project files-20160928/m454_project/mbsysCopy/mbs_common/mbs_realtime/../../mbsyspad_mac_os/MBsysPad.jar
Launcher Type: generic

Environment Variables:
PATH=/usr/local/heroku/bin:/usr/local/lib:/usr/local/sbin:/Users/Dylan/avr32-tools-20150917/bin:/usr/local/heroku/bin:/usr/local/Cellar/ruby/2.1.1/bin:/Users/Dylan/local/bin:/Users/Dylan/pebble-dev/PebbleSDK-2.0-BETA7/bin:/Users/Dylan/pebble-dev/PebbleSDK-2.0-BETA7/bin:/usr/local/bin:/usr/local/sbin:/usr/bin:/bin:/usr/sbin:/sbin:/opt/X11/bin:/usr/texbin:/usr/local/scala-2.11.6/bi:/usr/local/scala-2.11.6/bin
SHELL=/bin/zsh
DISPLAY=/private/tmp/com.apple.launchd.25ERSjtF8L/org.macosforge.xquartz:0
DYLD_LIBRARY_PATH=/Library/Python/2.7/site-packages/PySide:

Signal Handlers:
SIGSEGV: [libjvm.dylib+0x5a6d31], sa_mask[0]=11111111011111110111111111111111, sa_flags=SA_ONSTACK|SA_RESTART|SA_SIGINFO
SIGBUS: [libjvm.dylib+0x5a6d31], sa_mask[0]=11111111011111110111111111111111, sa_flags=SA_RESTART|SA_SIGINFO
SIGFPE: [libjvm.dylib+0x480a40], sa_mask[0]=11111111011111110111111111111111, sa_flags=SA_RESTART|SA_SIGINFO
SIGPIPE: [libjvm.dylib+0x480a40], sa_mask[0]=11111111011111110111111111111111, sa_flags=SA_RESTART|SA_SIGINFO
SIGXFSZ: [libjvm.dylib+0x480a40], sa_mask[0]=11111111011111110111111111111111, sa_flags=SA_RESTART|SA_SIGINFO
SIGILL: [libjvm.dylib+0x480a40], sa_mask[0]=11111111011111110111111111111111, sa_flags=SA_RESTART|SA_SIGINFO
SIGUSR1: SIG_DFL, sa_mask[0]=00000000000000000000000000000000, sa_flags=SA_RESTART
SIGUSR2: [libjvm.dylib+0x48055e], sa_mask[0]=00000000000000000000000000000000, sa_flags=SA_RESTART|SA_SIGINFO
SIGHUP: [libjvm.dylib+0x47eb35], sa_mask[0]=11111111011111110111111111111111, sa_flags=SA_RESTART|SA_SIGINFO
SIGINT: [libjvm.dylib+0x47eb35], sa_mask[0]=11111111011111110111111111111111, sa_flags=SA_RESTART|SA_SIGINFO
SIGTERM: [libjvm.dylib+0x47eb35], sa_mask[0]=11111111011111110111111111111111, sa_flags=SA_RESTART|SA_SIGINFO
SIGQUIT: [libjvm.dylib+0x47eb35], sa_mask[0]=11111111011111110111111111111111, sa_flags=SA_RESTART|SA_SIGINFO


---------------  S Y S T E M  ---------------

OS:Bsduname:Darwin 15.5.0 Darwin Kernel Version 15.5.0: Tue Apr 19 18:36:36 PDT 2016; root:xnu-3248.50.21~8/RELEASE_X86_64 x86_64
rlimit: STACK 8192k, CORE 0k, NPROC 709, NOFILE 10240, AS infinity
load average:2.70 2.12 1.88

CPU:total 8 (4 cores per cpu, 2 threads per core) family 6 model 70 stepping 1, cmov, cx8, fxsr, mmx, sse, sse2, sse3, ssse3, sse4.1, sse4.2, popcnt, avx, avx2, aes, clmul, erms, rtm, lzcnt, ht, tsc, tscinvbit, bmi1, bmi2

Memory: 4k page, physical 16777216k(318652k free)

/proc/meminfo:


vm_info: Java HotSpot(TM) 64-Bit Server VM (25.65-b01) for bsd-amd64 JRE (1.8.0_65-b17), built on Oct  6 2015 15:36:46 by "java_re" with gcc 4.2.1 (Based on Apple Inc. build 5658) (LLVM build 2336.11.00)

time: Wed Sep 28 15:34:41 2016
elapsed time: 21 seconds (0d 0h 0m 21s)

